TN:
SF:src/config/emoji.config.ts
FNF:0
FNH:0
DA:7,3
DA:20,3
LF:2
LH:2
BRF:0
BRH:0
end_of_record
TN:
SF:src/config/vocabulary/fuzzy-matcher.ts
FN:17,(anonymous_1)
FN:21,(anonymous_2)
FN:29,(anonymous_3)
FN:34,(anonymous_4)
FN:40,(anonymous_5)
FN:42,(anonymous_6)
FN:43,(anonymous_7)
FN:62,(anonymous_8)
FN:89,(anonymous_9)
FN:99,(anonymous_10)
FN:102,(anonymous_11)
FN:125,(anonymous_12)
FN:129,(anonymous_13)
FN:131,(anonymous_14)
FN:147,(anonymous_15)
FN:168,(anonymous_16)
FN:172,(anonymous_17)
FN:189,(anonymous_18)
FN:198,(anonymous_19)
FN:203,(anonymous_20)
FN:204,(anonymous_21)
FN:205,(anonymous_22)
FN:211,(anonymous_23)
FN:222,(anonymous_24)
FNF:24
FNH:24
FNDA:195,(anonymous_1)
FNDA:195,(anonymous_2)
FNDA:37249,(anonymous_3)
FNDA:29099,(anonymous_4)
FNDA:9741,(anonymous_5)
FNDA:37249,(anonymous_6)
FNDA:29099,(anonymous_7)
FNDA:9043,(anonymous_8)
FNDA:1541,(anonymous_9)
FNDA:1317,(anonymous_10)
FNDA:645,(anonymous_11)
FNDA:1007,(anonymous_12)
FNDA:8869,(anonymous_13)
FNDA:8531,(anonymous_14)
FNDA:608,(anonymous_15)
FNDA:5723,(anonymous_16)
FNDA:5723,(anonymous_17)
FNDA:5265,(anonymous_18)
FNDA:1007,(anonymous_19)
FNDA:10077,(anonymous_20)
FNDA:8869,(anonymous_21)
FNDA:8869,(anonymous_22)
FNDA:10,(anonymous_23)
FNDA:17194,(anonymous_24)
DA:1,6
DA:13,6
DA:14,195
DA:15,195
DA:18,195
DA:23,195
DA:24,908
DA:26,9741
DA:29,9741
DA:30,37249
DA:34,9741
DA:35,29099
DA:40,9741
DA:42,37249
DA:43,29099
DA:46,908
DA:55,908
DA:63,9043
DA:64,9043
DA:67,9043
DA:68,9043
DA:69,7991
DA:77,7991
DA:85,1052
DA:87,1052
DA:88,4987
DA:89,4987
DA:90,1541
DA:99,1317
DA:102,1052
DA:103,645
DA:104,645
DA:106,645
DA:107,413
DA:109,645
DA:119,1052
DA:126,1007
DA:127,1007
DA:129,1007
DA:130,8869
DA:131,8869
DA:132,8531
DA:133,8530
DA:134,1716
DA:136,8530
DA:141,1007
DA:153,608
DA:155,608
DA:157,577
DA:158,577
DA:159,577
DA:161,577
DA:166,1026
DA:168,1026
DA:169,5723
DA:172,1026
DA:173,5723
DA:176,1026
DA:178,1026
DA:179,688
DA:180,688
DA:181,688
DA:185,577
DA:190,5265
DA:200,1007
DA:203,10077
DA:204,8869
DA:205,8869
DA:216,10
DA:217,10
DA:219,10
DA:221,46
DA:222,17194
DA:223,46
DA:224,46
DA:227,10
LF:76
LH:76
BRDA:62,0,0,73
BRDA:68,1,0,7991
BRDA:92,2,0,1541
BRDA:92,2,1,0
BRDA:106,3,0,232
BRDA:106,3,1,413
BRDA:107,4,0,173
BRDA:125,5,0,397
BRDA:132,6,0,8530
BRDA:133,7,0,1716
BRDA:155,8,0,31
BRDA:178,9,0,688
BRDA:203,10,0,10077
BRDA:203,10,1,9169
BRDA:230,11,0,10
BRDA:230,11,1,0
BRF:16
BRH:14
end_of_record
TN:
SF:src/config/vocabulary/ukrainian.ts
FNF:0
FNH:0
DA:9,6
LF:1
LH:1
BRF:0
BRH:0
end_of_record
TN:
SF:src/domain/atmosphereEnhancer.ts
FN:130,(anonymous_0)
FN:145,(anonymous_1)
FN:191,(anonymous_2)
FN:199,(anonymous_3)
FN:207,(anonymous_4)
FN:217,(anonymous_5)
FN:243,(anonymous_6)
FN:263,(anonymous_7)
FN:315,(anonymous_8)
FN:319,(anonymous_9)
FN:346,(anonymous_10)
FN:354,(anonymous_11)
FN:365,(anonymous_12)
FN:383,(anonymous_13)
FN:388,(anonymous_14)
FN:425,(anonymous_15)
FN:449,(anonymous_16)
FN:454,(anonymous_17)
FN:462,(anonymous_18)
FN:466,(anonymous_19)
FN:470,(anonymous_20)
FN:474,(anonymous_21)
FN:478,(anonymous_22)
FN:482,(anonymous_23)
FNF:24
FNH:24
FNDA:92,(anonymous_0)
FNDA:132,(anonymous_1)
FNDA:215,(anonymous_2)
FNDA:1935,(anonymous_3)
FNDA:1120,(anonymous_4)
FNDA:9,(anonymous_5)
FNDA:8,(anonymous_6)
FNDA:5,(anonymous_7)
FNDA:8,(anonymous_8)
FNDA:132,(anonymous_9)
FNDA:6979,(anonymous_10)
FNDA:132,(anonymous_11)
FNDA:132,(anonymous_12)
FNDA:106,(anonymous_13)
FNDA:106,(anonymous_14)
FNDA:132,(anonymous_15)
FNDA:4,(anonymous_16)
FNDA:5,(anonymous_17)
FNDA:43,(anonymous_18)
FNDA:12,(anonymous_19)
FNDA:6,(anonymous_20)
FNDA:5,(anonymous_21)
FNDA:3,(anonymous_22)
FNDA:93,(anonymous_23)
DA:41,2
DA:43,92
DA:44,92
DA:45,92
DA:46,92
DA:50,92
DA:63,92
DA:77,92
DA:90,92
DA:104,92
DA:117,92
DA:131,92
DA:142,92
DA:152,132
DA:153,132
DA:155,132
DA:156,83
DA:166,83
DA:170,132
DA:171,132
DA:172,132
DA:173,132
DA:176,132
DA:177,132
DA:180,132
DA:183,132
DA:184,132
DA:188,132
DA:192,215
DA:195,215
DA:196,215
DA:198,215
DA:199,1935
DA:201,215
DA:202,103
DA:206,112
DA:207,1120
DA:209,112
DA:210,13
DA:214,99
DA:218,9
DA:219,9
DA:221,8
DA:222,8
DA:223,8
DA:224,8
DA:225,8
DA:228,8
DA:229,3
DA:233,5
DA:235,5
DA:236,5
DA:237,5
DA:240,5
DA:248,8
DA:249,1
DA:252,7
DA:253,1
DA:256,6
DA:257,0
DA:260,6
DA:264,5
DA:265,5
DA:268,5
DA:270,3
DA:284,5
DA:286,1
DA:307,5
DA:308,1
DA:315,8
DA:316,5
DA:320,132
DA:321,132
DA:323,132
DA:333,132
DA:343,132
DA:345,132
DA:346,6979
DA:347,22
DA:351,132
DA:356,132
DA:357,69
DA:358,63
DA:359,4
DA:361,59
DA:366,132
DA:368,132
DA:369,106
DA:370,106
DA:377,106
DA:379,26
DA:384,106
DA:385,106
DA:389,106
DA:390,106
DA:393,106
DA:394,99
DA:395,7
DA:397,92
DA:398,6
DA:400,86
DA:401,7
DA:403,79
DA:404,4
DA:407,7
DA:408,1
DA:410,6
DA:411,1
DA:413,5
DA:414,2
DA:416,3
DA:417,1
DA:422,77
DA:426,132
DA:427,132
DA:429,132
DA:432,132
DA:435,132
DA:436,132
DA:440,132
DA:441,69
DA:442,63
DA:443,59
DA:446,132
DA:450,4
DA:451,4
DA:455,5
DA:456,5
DA:463,43
DA:467,12
DA:471,6
DA:475,5
DA:479,3
DA:484,93
DA:485,93
DA:486,93
DA:487,93
LF:137
LH:136
BRDA:130,0,0,0
BRDA:155,1,0,83
BRDA:183,2,0,132
BRDA:201,3,0,103
BRDA:201,4,0,215
BRDA:201,4,1,146
BRDA:209,5,0,13
BRDA:219,6,0,1
BRDA:223,7,0,8
BRDA:223,7,1,7
BRDA:225,8,0,8
BRDA:225,8,1,7
BRDA:228,9,0,3
BRDA:235,10,0,5
BRDA:248,11,0,1
BRDA:252,12,0,1
BRDA:256,13,0,0
BRDA:265,14,0,0
BRDA:265,14,1,5
BRDA:268,15,0,3
BRDA:275,16,0,3
BRDA:275,16,1,0
BRDA:284,17,0,1
BRDA:289,18,0,1
BRDA:289,18,1,0
BRDA:297,19,0,1
BRDA:297,19,1,0
BRDA:307,20,0,1
BRDA:316,21,0,5
BRDA:316,21,1,0
BRDA:343,22,0,124
BRDA:343,22,1,8
BRDA:346,23,0,22
BRDA:356,24,0,69
BRDA:356,24,1,63
BRDA:358,25,0,4
BRDA:358,25,1,59
BRDA:368,26,0,106
BRDA:368,26,1,26
BRDA:384,27,0,99
BRDA:384,27,1,7
BRDA:385,28,0,106
BRDA:385,28,1,0
BRDA:390,29,0,99
BRDA:390,29,1,7
BRDA:393,30,0,99
BRDA:393,30,1,7
BRDA:394,31,0,7
BRDA:394,32,0,99
BRDA:394,32,1,92
BRDA:394,32,2,92
BRDA:397,33,0,6
BRDA:397,34,0,92
BRDA:397,34,1,50
BRDA:397,34,2,44
BRDA:400,35,0,7
BRDA:400,36,0,86
BRDA:400,36,1,8
BRDA:400,36,2,5
BRDA:400,36,3,5
BRDA:403,37,0,4
BRDA:403,38,0,79
BRDA:403,38,1,78
BRDA:403,38,2,75
BRDA:407,39,0,1
BRDA:407,40,0,7
BRDA:407,40,1,6
BRDA:407,40,2,6
BRDA:410,41,0,1
BRDA:410,42,0,6
BRDA:410,42,1,2
BRDA:410,42,2,1
BRDA:413,43,0,2
BRDA:413,44,0,5
BRDA:413,44,1,3
BRDA:416,45,0,1
BRDA:416,46,0,3
BRDA:416,46,1,2
BRDA:435,47,0,132
BRDA:440,48,0,69
BRDA:440,48,1,63
BRDA:442,49,0,59
BRDA:450,50,0,4
BRDA:450,50,1,0
BRDA:455,51,0,5
BRDA:455,51,1,0
BRDA:463,52,0,43
BRDA:463,52,1,1
BRDA:467,53,0,12
BRDA:467,53,1,1
BRF:90
BRH:80
end_of_record
TN:
SF:src/domain/botCapabilities.ts
FN:12,(anonymous_0)
FN:211,(anonymous_1)
FN:215,(anonymous_2)
FN:220,(anonymous_3)
FN:227,(anonymous_4)
FN:247,(anonymous_5)
FN:249,(anonymous_6)
FN:255,(anonymous_7)
FN:262,(anonymous_8)
FN:279,(anonymous_9)
FN:280,(anonymous_10)
FN:283,(anonymous_11)
FN:287,(anonymous_12)
FN:288,(anonymous_13)
FNF:14
FNH:14
FNDA:70,(anonymous_0)
FNDA:114,(anonymous_1)
FNDA:1414,(anonymous_2)
FNDA:1094,(anonymous_3)
FNDA:25,(anonymous_4)
FNDA:125,(anonymous_5)
FNDA:1250,(anonymous_6)
FNDA:250,(anonymous_7)
FNDA:500,(anonymous_8)
FNDA:12,(anonymous_9)
FNDA:66,(anonymous_10)
FNDA:6,(anonymous_11)
FNDA:11,(anonymous_12)
FNDA:110,(anonymous_13)
DA:12,2
DA:13,70
DA:197,70
DA:212,114
DA:215,114
DA:216,1414
DA:220,114
DA:221,1094
DA:224,114
DA:228,25
DA:232,25
DA:236,25
DA:239,25
DA:247,25
DA:248,125
DA:249,1250
DA:252,125
DA:253,125
DA:255,125
DA:256,250
DA:257,250
DA:258,250
DA:260,250
DA:261,250
DA:262,500
DA:264,250
DA:270,25
DA:274,25
DA:276,25
DA:280,66
DA:284,6
DA:288,110
LF:32
LH:32
BRDA:224,0,0,114
BRDA:224,0,1,68
BRDA:227,1,0,1
BRDA:228,2,0,18
BRDA:228,2,1,7
BRDA:229,3,0,10
BRDA:229,3,1,8
BRDA:230,4,0,5
BRDA:230,4,1,2
BRDA:232,5,0,15
BRDA:232,5,1,10
BRDA:240,6,0,15
BRDA:240,6,1,10
BRDA:241,7,0,15
BRDA:241,7,1,10
BRDA:242,8,0,15
BRDA:242,8,1,10
BRDA:243,9,0,15
BRDA:243,9,1,10
BRDA:244,10,0,15
BRDA:244,10,1,10
BRDA:252,11,0,125
BRDA:256,12,0,150
BRDA:256,12,1,100
BRDA:257,13,0,150
BRDA:257,13,1,100
BRDA:258,14,0,150
BRDA:258,14,1,100
BRDA:261,15,0,250
BRDA:270,16,0,15
BRDA:270,16,1,10
BRF:31
BRH:31
end_of_record
TN:
SF:src/domain/emotionalAnalyzer.ts
FN:26,(anonymous_0)
FN:41,(anonymous_1)
FN:78,(anonymous_2)
FN:95,(anonymous_3)
FN:124,(anonymous_4)
FN:128,(anonymous_5)
FN:143,(anonymous_6)
FN:155,(anonymous_7)
FN:172,(anonymous_8)
FN:205,(anonymous_9)
FN:215,(anonymous_10)
FN:238,(anonymous_11)
FN:273,(anonymous_12)
FN:288,(anonymous_13)
FN:295,(anonymous_14)
FN:302,(anonymous_15)
FN:316,(anonymous_16)
FNF:17
FNH:17
FNDA:119,(anonymous_0)
FNDA:393,(anonymous_1)
FNDA:2490,(anonymous_2)
FNDA:376,(anonymous_3)
FNDA:376,(anonymous_4)
FNDA:684,(anonymous_5)
FNDA:2490,(anonymous_6)
FNDA:376,(anonymous_7)
FNDA:376,(anonymous_8)
FNDA:376,(anonymous_9)
FNDA:376,(anonymous_10)
FNDA:376,(anonymous_11)
FNDA:17,(anonymous_12)
FNDA:1,(anonymous_13)
FNDA:3,(anonymous_14)
FNDA:9,(anonymous_15)
FNDA:1,(anonymous_16)
DA:21,4
DA:24,119
DA:27,119
DA:28,119
DA:49,393
DA:50,393
DA:52,393
DA:53,17
DA:57,376
DA:60,376
DA:63,376
DA:66,376
DA:69,376
DA:72,376
DA:74,376
DA:78,2490
DA:85,376
DA:86,358
DA:89,376
DA:96,376
DA:97,376
DA:98,376
DA:101,376
DA:104,376
DA:105,109
DA:109,376
DA:110,376
DA:111,361
DA:115,376
DA:116,376
DA:118,376
DA:125,376
DA:126,376
DA:127,376
DA:128,684
DA:130,376
DA:133,376
DA:136,376
DA:139,376
DA:142,376
DA:143,2490
DA:145,376
DA:146,361
DA:149,376
DA:157,376
DA:161,376
DA:166,376
DA:173,376
DA:176,376
DA:177,376
DA:178,118
DA:182,376
DA:183,376
DA:184,296
DA:188,376
DA:189,376
DA:190,174
DA:194,376
DA:195,376
DA:196,0
DA:199,376
DA:206,376
DA:207,376
DA:209,5
DA:222,376
DA:225,371
DA:228,370
DA:245,376
DA:246,5
DA:249,371
DA:250,1
DA:253,370
DA:254,12
DA:255,12
DA:256,3
DA:258,12
DA:259,10
DA:261,12
DA:262,0
DA:264,12
DA:267,358
DA:274,17
DA:289,1
DA:296,3
DA:303,9
DA:317,1
LF:86
LH:84
BRDA:26,0,0,115
BRDA:52,1,0,17
BRDA:85,2,0,358
BRDA:104,3,0,109
BRDA:110,4,0,361
BRDA:130,5,0,0
BRDA:145,6,0,361
BRDA:176,7,0,376
BRDA:176,7,1,26
BRDA:177,8,0,118
BRDA:182,9,0,376
BRDA:182,9,1,80
BRDA:183,10,0,296
BRDA:189,11,0,174
BRDA:189,12,0,376
BRDA:189,12,1,174
BRDA:194,13,0,376
BRDA:194,13,1,374
BRDA:195,14,0,0
BRDA:207,15,0,371
BRDA:222,16,0,5
BRDA:225,17,0,1
BRDA:229,18,0,370
BRDA:229,18,1,367
BRDA:229,18,2,358
BRDA:245,19,0,5
BRDA:249,20,0,1
BRDA:253,21,0,12
BRDA:255,22,0,3
BRDA:258,23,0,10
BRDA:261,24,0,0
BRF:31
BRH:28
end_of_record
TN:
SF:src/domain/inappropriateContentDetector.ts
FN:139,(anonymous_0)
FN:151,(anonymous_1)
FN:217,(anonymous_2)
FN:225,(anonymous_3)
FN:233,(anonymous_4)
FN:242,(anonymous_5)
FN:261,(anonymous_6)
FN:289,(anonymous_7)
FN:300,(anonymous_8)
FN:328,(anonymous_9)
FN:343,(anonymous_10)
FN:347,(anonymous_11)
FN:351,(anonymous_12)
FN:353,(anonymous_13)
FN:357,(anonymous_14)
FN:361,(anonymous_15)
FN:365,(anonymous_16)
FN:369,(anonymous_17)
FN:373,(anonymous_18)
FN:380,(anonymous_19)
FNF:20
FNH:20
FNDA:93,(anonymous_0)
FNDA:116,(anonymous_1)
FNDA:111,(anonymous_2)
FNDA:999,(anonymous_3)
FNDA:690,(anonymous_4)
FNDA:445,(anonymous_5)
FNDA:111,(anonymous_6)
FNDA:111,(anonymous_7)
FNDA:51,(anonymous_8)
FNDA:51,(anonymous_9)
FNDA:3,(anonymous_10)
FNDA:3,(anonymous_11)
FNDA:1,(anonymous_12)
FNDA:1,(anonymous_13)
FNDA:5,(anonymous_14)
FNDA:3,(anonymous_15)
FNDA:3,(anonymous_16)
FNDA:1,(anonymous_17)
FNDA:2,(anonymous_18)
FNDA:2,(anonymous_19)
DA:20,2
DA:24,93
DA:42,93
DA:61,93
DA:88,93
DA:116,93
DA:126,93
DA:136,93
DA:137,93
DA:140,93
DA:152,116
DA:153,111
DA:154,111
DA:155,111
DA:158,111
DA:161,111
DA:164,111
DA:165,444
DA:166,444
DA:167,56
DA:168,56
DA:170,56
DA:171,10
DA:172,46
DA:173,42
DA:179,111
DA:180,1
DA:181,1
DA:182,1
DA:183,1
DA:184,1
DA:189,111
DA:190,111
DA:191,5
DA:192,5
DA:195,111
DA:196,111
DA:198,111
DA:199,111
DA:201,111
DA:202,51
DA:203,51
DA:206,111
DA:218,111
DA:221,111
DA:222,111
DA:224,111
DA:225,999
DA:227,111
DA:228,42
DA:232,69
DA:233,690
DA:235,69
DA:236,9
DA:239,60
DA:243,445
DA:244,445
DA:246,445
DA:247,3433
DA:248,70
DA:249,70
DA:254,445
DA:255,10
DA:258,445
DA:262,111
DA:265,111
DA:266,1
DA:270,111
DA:271,111
DA:272,2
DA:276,111
DA:277,111
DA:278,2
DA:282,111
DA:283,1
DA:286,111
DA:290,111
DA:292,2
DA:294,1
DA:296,108
DA:301,51
DA:302,1
DA:308,50
DA:312,50
DA:313,50
DA:315,50
DA:316,50
DA:319,50
DA:320,9
DA:321,9
DA:322,9
DA:325,50
DA:329,51
DA:331,50
DA:333,50
DA:334,11
DA:335,11
DA:338,39
DA:339,39
DA:344,3
DA:348,3
DA:352,1
DA:353,1
DA:358,5
DA:362,3
DA:366,3
DA:370,1
DA:379,2
DA:380,2
LF:109
LH:109
BRDA:139,0,0,0
BRDA:161,1,0,101
BRDA:161,1,1,10
BRDA:166,2,0,56
BRDA:170,3,0,10
BRDA:170,3,1,46
BRDA:170,4,0,56
BRDA:170,4,1,49
BRDA:172,5,0,42
BRDA:172,6,0,46
BRDA:172,6,1,44
BRDA:179,7,0,1
BRDA:181,8,0,1
BRDA:190,9,0,5
BRDA:196,10,0,111
BRDA:196,10,1,51
BRDA:201,11,0,51
BRDA:227,12,0,42
BRDA:227,13,0,111
BRDA:227,13,1,82
BRDA:235,14,0,9
BRDA:247,15,0,70
BRDA:254,16,0,10
BRDA:265,17,0,1
BRDA:265,18,0,111
BRDA:265,18,1,58
BRDA:270,19,0,111
BRDA:270,19,1,109
BRDA:271,20,0,2
BRDA:276,21,0,111
BRDA:276,21,1,109
BRDA:277,22,0,2
BRDA:282,23,0,1
BRDA:290,24,0,2
BRDA:290,24,1,1
BRDA:290,24,2,108
BRDA:301,25,0,1
BRDA:302,26,0,1
BRDA:302,26,1,0
BRDA:308,27,0,46
BRDA:308,27,1,4
BRDA:313,28,0,50
BRDA:313,28,1,3
BRDA:319,29,0,9
BRDA:319,30,0,50
BRDA:319,30,1,10
BRDA:320,31,0,8
BRDA:320,31,1,1
BRDA:329,32,0,1
BRDA:331,33,0,50
BRDA:331,33,1,42
BRDA:333,34,0,11
BRDA:333,35,0,50
BRDA:333,35,1,41
BRDA:358,36,0,5
BRDA:358,36,1,1
BRF:56
BRH:54
end_of_record
TN:
SF:src/domain/learningEngine.ts
FN:64,(anonymous_0)
FN:71,(anonymous_1)
FN:116,(anonymous_2)
FN:128,(anonymous_3)
FN:138,(anonymous_4)
FN:173,(anonymous_5)
FN:179,(anonymous_6)
FN:203,(anonymous_7)
FN:238,(anonymous_8)
FN:240,(anonymous_9)
FN:258,(anonymous_10)
FN:317,(anonymous_11)
FN:333,(anonymous_12)
FN:338,(anonymous_13)
FN:347,(anonymous_14)
FN:351,(anonymous_15)
FN:364,(anonymous_16)
FN:373,(anonymous_17)
FN:378,(anonymous_18)
FN:384,(anonymous_19)
FN:399,(anonymous_20)
FN:443,(anonymous_21)
FN:448,(anonymous_22)
FN:454,(anonymous_23)
FN:460,(anonymous_24)
FNF:25
FNH:24
FNDA:103,(anonymous_0)
FNDA:191,(anonymous_1)
FNDA:1,(anonymous_2)
FNDA:1,(anonymous_3)
FNDA:312,(anonymous_4)
FNDA:96,(anonymous_5)
FNDA:2268,(anonymous_6)
FNDA:95,(anonymous_7)
FNDA:86,(anonymous_8)
FNDA:15,(anonymous_9)
FNDA:95,(anonymous_10)
FNDA:191,(anonymous_11)
FNDA:286,(anonymous_12)
FNDA:312,(anonymous_13)
FNDA:312,(anonymous_14)
FNDA:190,(anonymous_15)
FNDA:180,(anonymous_16)
FNDA:0,(anonymous_17)
FNDA:95,(anonymous_18)
FNDA:43,(anonymous_19)
FNDA:149,(anonymous_20)
FNDA:103,(anonymous_21)
FNDA:95,(anonymous_22)
FNDA:16,(anonymous_23)
FNDA:10,(anonymous_24)
DA:56,5
DA:57,103
DA:58,103
DA:59,103
DA:60,103
DA:61,103
DA:62,103
DA:65,103
DA:84,191
DA:87,191
DA:88,79
DA:92,191
DA:93,191
DA:95,191
DA:97,149
DA:101,42
DA:103,42
DA:104,43
DA:105,43
DA:107,43
DA:108,43
DA:109,43
DA:110,43
DA:115,42
DA:116,1
DA:118,42
DA:119,0
DA:122,42
DA:124,42
DA:128,1
DA:146,312
DA:159,312
DA:162,312
DA:163,1
DA:166,312
DA:167,312
DA:179,2268
DA:180,96
DA:182,95
DA:191,95
DA:194,95
DA:197,95
DA:204,95
DA:206,95
DA:207,95
DA:209,95
DA:210,26
DA:220,26
DA:223,95
DA:225,95
DA:226,82
DA:227,82
DA:229,13
DA:230,13
DA:233,95
DA:234,95
DA:237,95
DA:238,86
DA:239,95
DA:240,15
DA:241,95
DA:243,95
DA:244,95
DA:246,95
DA:252,95
DA:259,95
DA:261,95
DA:262,8
DA:275,8
DA:278,95
DA:279,95
DA:280,95
DA:283,95
DA:284,0
DA:288,95
DA:289,95
DA:290,95
DA:292,95
DA:294,44
DA:296,44
DA:298,23
DA:300,23
DA:304,95
DA:305,62
DA:309,95
DA:310,22
DA:318,191
DA:334,286
DA:335,286
DA:340,312
DA:348,312
DA:353,190
DA:354,190
DA:355,102
DA:357,56
DA:358,0
DA:359,0
DA:361,56
DA:365,180
DA:366,170
DA:368,170
DA:370,0
DA:372,0
DA:373,0
DA:375,0
DA:379,95
DA:380,85
DA:381,3
DA:385,43
DA:387,43
DA:389,20
DA:390,20
DA:392,16
DA:393,16
DA:396,43
DA:406,149
DA:410,25
DA:418,41
DA:426,79
DA:433,4
DA:445,103
DA:450,95
DA:455,16
DA:460,10
LF:124
LH:116
BRDA:87,0,0,79
BRDA:95,1,0,149
BRDA:95,2,0,191
BRDA:95,2,1,47
BRDA:104,3,0,43
BRDA:104,3,1,43
BRDA:107,4,0,43
BRDA:118,5,0,0
BRDA:162,6,0,1
BRDA:180,7,0,1
BRDA:204,8,0,0
BRDA:209,9,0,26
BRDA:225,10,0,82
BRDA:225,10,1,13
BRDA:226,11,0,82
BRDA:226,11,1,22
BRDA:229,12,0,13
BRDA:229,12,1,7
BRDA:243,13,0,95
BRDA:261,14,0,8
BRDA:283,15,0,0
BRDA:288,16,0,95
BRDA:290,17,0,82
BRDA:290,17,1,13
BRDA:292,18,0,44
BRDA:292,18,1,23
BRDA:304,19,0,62
BRDA:304,20,0,95
BRDA:304,20,1,69
BRDA:306,21,0,52
BRDA:306,21,1,10
BRDA:309,22,0,22
BRDA:309,23,0,95
BRDA:309,23,1,73
BRDA:311,24,0,22
BRDA:311,24,1,0
BRDA:318,25,0,191
BRDA:318,25,1,79
BRDA:353,26,0,190
BRDA:354,27,0,88
BRDA:355,28,0,46
BRDA:357,29,0,0
BRDA:358,30,0,0
BRDA:359,31,0,0
BRDA:365,32,0,10
BRDA:366,33,0,170
BRDA:366,34,0,170
BRDA:366,34,1,170
BRDA:370,35,0,0
BRDA:370,36,0,0
BRDA:370,36,1,0
BRDA:379,37,0,10
BRDA:380,38,0,82
BRDA:387,39,0,20
BRDA:387,39,1,16
BRDA:406,40,0,6
BRDA:406,40,1,25
BRDA:406,40,2,34
BRDA:406,40,3,41
BRDA:406,40,4,79
BRDA:406,40,5,4
BRDA:427,41,0,78
BRDA:427,41,1,1
BRDA:459,42,0,16
BRDA:459,42,1,10
BRF:65
BRH:55
end_of_record
TN:
SF:src/domain/memeGenerator.ts
FN:102,(anonymous_1)
FN:106,(anonymous_2)
FN:128,(anonymous_3)
FN:153,(anonymous_4)
FN:211,(anonymous_5)
FN:245,(anonymous_6)
FN:266,(anonymous_7)
FN:282,(anonymous_8)
FN:295,(anonymous_9)
FN:300,(anonymous_10)
FN:306,(anonymous_11)
FNF:11
FNH:11
FNDA:99,(anonymous_1)
FNDA:33,(anonymous_2)
FNDA:44,(anonymous_3)
FNDA:27,(anonymous_4)
FNDA:33,(anonymous_5)
FNDA:7,(anonymous_6)
FNDA:7,(anonymous_7)
FNDA:4,(anonymous_8)
FNDA:7,(anonymous_9)
FNDA:35,(anonymous_10)
FNDA:4,(anonymous_11)
DA:1,2
DA:20,2
DA:22,99
DA:56,99
DA:85,99
DA:94,99
DA:103,99
DA:107,33
DA:108,33
DA:111,33
DA:112,33
DA:113,0
DA:117,33
DA:119,0
DA:120,0
DA:129,44
DA:130,44
DA:134,44
DA:135,44
DA:137,44
DA:144,0
DA:145,0
DA:154,27
DA:156,27
DA:159,27
DA:161,21
DA:162,2
DA:164,19
DA:165,1
DA:167,18
DA:168,2
DA:170,16
DA:171,2
DA:173,14
DA:174,2
DA:178,12
DA:179,57
DA:180,3
DA:185,9
DA:186,3
DA:188,6
DA:189,1
DA:192,6
DA:193,20
DA:194,5
DA:200,6
DA:201,2
DA:208,4
DA:213,33
DA:214,33
DA:216,33
DA:217,20
DA:220,13
DA:221,13
DA:229,13
DA:230,0
DA:238,0
DA:241,13
DA:246,7
DA:255,7
DA:258,7
DA:267,7
DA:269,7
DA:273,7
DA:287,4
DA:296,7
DA:297,7
DA:299,7
DA:300,35
DA:302,7
DA:307,4
LF:71
LH:64
BRDA:108,0,0,33
BRDA:108,0,1,4
BRDA:112,1,0,0
BRDA:123,2,0,0
BRDA:123,2,1,0
BRDA:128,3,0,0
BRDA:130,4,0,36
BRDA:130,4,1,8
BRDA:131,5,0,36
BRDA:131,5,1,1
BRDA:132,6,0,8
BRDA:132,6,1,0
BRDA:140,7,0,36
BRDA:140,7,1,8
BRDA:153,8,0,4
BRDA:156,9,0,21
BRDA:156,9,1,6
BRDA:159,10,0,21
BRDA:159,10,1,6
BRDA:161,11,0,2
BRDA:161,12,0,21
BRDA:161,12,1,19
BRDA:164,13,0,1
BRDA:164,14,0,19
BRDA:164,14,1,18
BRDA:167,15,0,2
BRDA:167,16,0,18
BRDA:167,16,1,16
BRDA:170,17,0,2
BRDA:173,18,0,2
BRDA:179,19,0,3
BRDA:185,20,0,3
BRDA:185,21,0,9
BRDA:185,21,1,7
BRDA:188,22,0,1
BRDA:188,23,0,6
BRDA:188,23,1,6
BRDA:193,24,0,5
BRDA:200,25,0,2
BRDA:200,26,0,6
BRDA:200,26,1,5
BRDA:202,27,0,1
BRDA:202,27,1,1
BRDA:203,28,0,0
BRDA:203,28,1,2
BRDA:216,29,0,20
BRDA:216,30,0,33
BRDA:216,30,1,13
BRDA:217,31,0,20
BRDA:217,31,1,4
BRDA:222,32,0,13
BRDA:222,32,1,12
BRDA:226,33,0,13
BRDA:226,33,1,0
BRDA:229,34,0,0
BRDA:234,35,0,0
BRDA:234,35,1,0
BRDA:241,36,0,13
BRDA:241,36,1,0
BRDA:255,37,0,7
BRDA:255,37,1,1
BRDA:266,38,0,4
BRDA:267,39,0,1
BRDA:267,39,1,6
BRDA:269,40,0,6
BRDA:269,40,1,1
BRDA:276,41,0,6
BRDA:276,41,1,1
BRDA:302,42,0,4
BRDA:302,42,1,3
BRDA:302,43,0,7
BRDA:302,43,1,5
BRDA:306,44,0,2
BRDA:307,45,0,3
BRDA:307,45,1,1
BRF:75
BRH:64
end_of_record
TN:
SF:src/domain/messageAnalyzer.ts
FN:23,detectLanguage
FN:38,analyzeMessage
FN:46,analyzeMessageDetailed
FN:173,(anonymous_3)
FN:177,(anonymous_4)
FN:181,(anonymous_5)
FN:185,(anonymous_6)
FN:282,(anonymous_7)
FNF:8
FNH:8
FNDA:282,detectLanguage
FNDA:261,analyzeMessage
FNDA:282,analyzeMessageDetailed
FNDA:69974,(anonymous_3)
FNDA:23639,(anonymous_4)
FNDA:4744,(anonymous_5)
FNDA:6118,(anonymous_6)
FNDA:9786,(anonymous_7)
DA:1,4
DA:24,282
DA:25,282
DA:27,282
DA:28,282
DA:30,282
DA:31,42
DA:32,10
DA:38,4
DA:39,261
DA:40,261
DA:46,4
DA:47,282
DA:48,282
DA:51,282
DA:54,282
DA:55,282
DA:56,7
DA:57,275
DA:58,0
DA:62,282
DA:63,282
DA:64,282
DA:65,2
DA:66,280
DA:67,4
DA:71,282
DA:137,282
DA:157,282
DA:165,282
DA:173,282
DA:174,69974
DA:177,282
DA:178,23639
DA:181,282
DA:182,4744
DA:185,282
DA:186,6118
DA:190,282
DA:191,250
DA:192,92
DA:193,92
DA:194,158
DA:195,30
DA:196,30
DA:201,282
DA:206,282
DA:209,282
DA:211,282
DA:212,72
DA:213,210
DA:214,1
DA:215,209
DA:216,30
DA:217,179
DA:218,25
DA:219,154
DA:220,23
DA:224,282
DA:280,282
DA:281,131
DA:282,9786
DA:283,54
DA:284,54
DA:290,282
DA:291,77
DA:294,282
LF:67
LH:66
BRDA:27,0,0,244
BRDA:27,0,1,38
BRDA:28,1,0,38
BRDA:28,1,1,244
BRDA:30,2,0,240
BRDA:31,3,0,32
BRDA:55,4,0,7
BRDA:55,4,1,275
BRDA:57,5,0,0
BRDA:64,6,0,2
BRDA:64,6,1,280
BRDA:66,7,0,4
BRDA:190,8,0,250
BRDA:190,9,0,282
BRDA:190,9,1,42
BRDA:191,10,0,92
BRDA:191,10,1,158
BRDA:191,11,0,250
BRDA:191,11,1,92
BRDA:193,12,0,91
BRDA:194,13,0,30
BRDA:194,14,0,158
BRDA:194,14,1,30
BRDA:196,15,0,30
BRDA:201,16,0,282
BRDA:201,16,1,98
BRDA:201,16,2,280
BRDA:201,16,3,96
BRDA:201,16,4,210
BRDA:201,16,5,21
BRDA:206,17,0,282
BRDA:206,17,1,252
BRDA:206,17,2,251
BRDA:211,18,0,72
BRDA:211,18,1,210
BRDA:213,19,0,1
BRDA:213,19,1,209
BRDA:213,20,0,210
BRDA:213,20,1,31
BRDA:215,21,0,30
BRDA:215,21,1,179
BRDA:217,22,0,25
BRDA:217,22,1,154
BRDA:217,23,0,179
BRDA:217,23,1,26
BRDA:219,24,0,23
BRDA:280,25,0,131
BRDA:282,26,0,54
BRDA:290,27,0,77
BRF:49
BRH:48
end_of_record
TN:
SF:src/domain/nlpConversation.ts
FN:37,(anonymous_0)
FN:41,(anonymous_1)
FN:86,(anonymous_2)
FN:94,(anonymous_3)
FN:103,(anonymous_4)
FN:112,(anonymous_5)
FN:117,(anonymous_6)
FN:125,(anonymous_7)
FN:128,(anonymous_8)
FN:131,(anonymous_9)
FN:134,(anonymous_10)
FN:159,(anonymous_11)
FN:204,(anonymous_12)
FN:249,(anonymous_13)
FN:280,(anonymous_14)
FN:285,(anonymous_15)
FN:304,(anonymous_16)
FN:314,(anonymous_17)
FN:323,(anonymous_18)
FN:324,(anonymous_19)
FN:325,(anonymous_20)
FNF:21
FNH:21
FNDA:71,(anonymous_0)
FNDA:122,(anonymous_1)
FNDA:122,(anonymous_2)
FNDA:2440,(anonymous_3)
FNDA:594,(anonymous_4)
FNDA:122,(anonymous_5)
FNDA:266,(anonymous_6)
FNDA:249,(anonymous_7)
FNDA:149,(anonymous_8)
FNDA:127,(anonymous_9)
FNDA:142,(anonymous_10)
FNDA:56,(anonymous_11)
FNDA:66,(anonymous_12)
FNDA:122,(anonymous_13)
FNDA:122,(anonymous_14)
FNDA:122,(anonymous_15)
FNDA:122,(anonymous_16)
FNDA:5,(anonymous_17)
FNDA:7,(anonymous_18)
FNDA:7,(anonymous_19)
FNDA:7,(anonymous_20)
DA:20,2
DA:21,71
DA:22,71
DA:23,71
DA:24,71
DA:27,71
DA:38,71
DA:42,122
DA:43,122
DA:46,122
DA:47,122
DA:50,122
DA:53,122
DA:56,122
DA:59,122
DA:62,122
DA:63,56
DA:64,56
DA:66,66
DA:67,66
DA:71,122
DA:74,122
DA:76,122
DA:87,122
DA:90,122
DA:91,122
DA:93,122
DA:94,2440
DA:97,122
DA:98,56
DA:102,66
DA:103,594
DA:105,66
DA:106,0
DA:109,66
DA:113,122
DA:115,122
DA:117,266
DA:118,14
DA:121,42
DA:123,1
DA:125,249
DA:126,8
DA:128,149
DA:129,7
DA:131,127
DA:132,1
DA:134,142
DA:135,2
DA:140,89
DA:141,2
DA:143,87
DA:144,2
DA:146,85
DA:147,4
DA:149,81
DA:150,6
DA:152,75
DA:153,0
DA:156,75
DA:160,56
DA:162,56
DA:200,56
DA:201,56
DA:205,66
DA:207,66
DA:245,66
DA:246,66
DA:251,122
DA:252,1
DA:253,1
DA:254,1
DA:255,1
DA:258,0
DA:259,0
DA:265,122
DA:270,122
DA:272,122
DA:273,40
DA:274,40
DA:277,122
DA:281,122
DA:282,122
DA:286,122
DA:288,122
DA:289,45
DA:290,45
DA:291,45
DA:292,5
DA:295,77
DA:301,122
DA:305,122
DA:306,173
DA:307,0
DA:308,0
DA:320,5
DA:321,5
DA:323,7
DA:324,7
DA:325,7
LF:100
LH:94
BRDA:62,0,0,56
BRDA:62,0,1,66
BRDA:62,1,0,122
BRDA:62,1,1,66
BRDA:82,2,0,0
BRDA:82,2,1,122
BRDA:97,3,0,56
BRDA:97,4,0,122
BRDA:97,4,1,86
BRDA:105,5,0,0
BRDA:105,6,0,66
BRDA:105,6,1,0
BRDA:115,7,0,56
BRDA:115,8,0,122
BRDA:115,8,1,66
BRDA:117,9,0,14
BRDA:121,10,0,1
BRDA:121,11,0,42
BRDA:121,11,1,41
BRDA:121,11,2,41
BRDA:121,11,3,6
BRDA:125,12,0,8
BRDA:128,13,0,7
BRDA:131,14,0,1
BRDA:134,15,0,2
BRDA:140,16,0,2
BRDA:140,17,0,89
BRDA:140,17,1,87
BRDA:143,18,0,2
BRDA:143,19,0,87
BRDA:143,19,1,87
BRDA:146,20,0,4
BRDA:146,21,0,85
BRDA:146,21,1,84
BRDA:149,22,0,6
BRDA:149,23,0,81
BRDA:149,23,1,76
BRDA:152,24,0,0
BRDA:152,25,0,75
BRDA:152,25,1,75
BRDA:200,26,0,56
BRDA:200,26,1,0
BRDA:245,27,0,66
BRDA:245,27,1,0
BRDA:251,28,0,1
BRDA:253,29,0,1
BRDA:253,29,1,0
BRDA:253,30,0,1
BRDA:253,30,1,0
BRDA:254,31,0,1
BRDA:254,32,0,1
BRDA:254,32,1,0
BRDA:258,33,0,0
BRDA:258,34,0,0
BRDA:258,34,1,0
BRDA:270,35,0,0
BRDA:270,35,1,122
BRDA:272,36,0,40
BRDA:272,37,0,122
BRDA:272,37,1,40
BRDA:282,38,0,122
BRDA:282,38,1,17
BRDA:288,39,0,45
BRDA:288,39,1,77
BRDA:291,40,0,5
BRDA:306,41,0,0
BRF:66
BRH:52
end_of_record
TN:
SF:src/usecases/enhancedMessageHandler.ts
FN:42,(anonymous_0)
FN:64,(anonymous_1)
FN:169,(anonymous_2)
FN:198,(anonymous_3)
FN:240,(anonymous_4)
FN:260,(anonymous_5)
FN:264,(anonymous_6)
FN:266,(anonymous_7)
FN:271,(anonymous_8)
FN:286,(anonymous_9)
FN:297,(anonymous_10)
FN:308,(anonymous_11)
FN:310,(anonymous_12)
FN:317,(anonymous_13)
FN:328,(anonymous_14)
FN:341,(anonymous_15)
FN:352,(anonymous_16)
FN:356,(anonymous_17)
FN:361,(anonymous_18)
FN:375,(anonymous_19)
FN:378,(anonymous_20)
FN:387,(anonymous_21)
FN:392,(anonymous_22)
FN:397,(anonymous_23)
FN:401,(anonymous_24)
FN:406,(anonymous_25)
FN:410,(anonymous_26)
FN:436,(anonymous_27)
FN:444,(anonymous_28)
FN:452,(anonymous_29)
FN:462,(anonymous_30)
FNF:31
FNH:28
FNDA:44,(anonymous_0)
FNDA:54,(anonymous_1)
FNDA:6,(anonymous_2)
FNDA:6,(anonymous_3)
FNDA:1,(anonymous_4)
FNDA:0,(anonymous_5)
FNDA:44,(anonymous_6)
FNDA:0,(anonymous_7)
FNDA:0,(anonymous_8)
FNDA:33,(anonymous_9)
FNDA:27,(anonymous_10)
FNDA:3,(anonymous_11)
FNDA:3,(anonymous_12)
FNDA:50,(anonymous_13)
FNDA:56,(anonymous_14)
FNDA:33,(anonymous_15)
FNDA:2,(anonymous_16)
FNDA:2,(anonymous_17)
FNDA:1,(anonymous_18)
FNDA:4,(anonymous_19)
FNDA:4,(anonymous_20)
FNDA:4,(anonymous_21)
FNDA:2,(anonymous_22)
FNDA:2,(anonymous_23)
FNDA:1,(anonymous_24)
FNDA:50,(anonymous_25)
FNDA:17,(anonymous_26)
FNDA:17,(anonymous_27)
FNDA:204,(anonymous_28)
FNDA:77,(anonymous_29)
FNDA:44,(anonymous_30)
DA:1,1
DA:2,1
DA:3,1
DA:4,1
DA:5,1
DA:6,1
DA:7,1
DA:31,1
DA:39,44
DA:40,44
DA:46,44
DA:47,44
DA:48,44
DA:52,44
DA:56,44
DA:57,44
DA:59,44
DA:61,44
DA:65,54
DA:66,54
DA:68,54
DA:70,54
DA:76,54
DA:77,4
DA:78,4
DA:90,50
DA:91,50
DA:100,50
DA:108,50
DA:111,50
DA:112,17
DA:113,17
DA:114,17
DA:119,33
DA:120,6
DA:121,6
DA:122,6
DA:127,27
DA:128,6
DA:129,6
DA:130,6
DA:135,21
DA:138,21
DA:139,1
DA:140,1
DA:141,1
DA:150,20
DA:151,20
DA:153,20
DA:159,0
DA:160,0
DA:170,6
DA:171,6
DA:179,6
DA:181,6
DA:183,6
DA:193,0
DA:194,0
DA:199,6
DA:202,6
DA:204,3
DA:205,3
DA:208,3
DA:209,3
DA:210,0
DA:212,3
DA:216,6
DA:217,6
DA:219,6
DA:234,0
DA:237,0
DA:241,1
DA:242,1
DA:243,1
DA:244,1
DA:245,1
DA:246,1
DA:254,0
DA:256,0
DA:261,0
DA:266,44
DA:267,0
DA:272,0
DA:273,0
DA:274,0
DA:275,0
DA:276,0
DA:277,0
DA:280,0
DA:287,33
DA:298,27
DA:299,27
DA:310,3
DA:311,3
DA:318,50
DA:319,50
DA:320,4
DA:322,46
DA:323,1
DA:325,45
DA:330,56
DA:331,56
DA:333,56
DA:334,392
DA:335,0
DA:338,56
DA:342,33
DA:353,2
DA:357,2
DA:362,1
DA:376,4
DA:377,4
DA:378,4
DA:380,4
DA:388,4
DA:394,2
DA:398,2
DA:402,1
DA:407,50
DA:411,17
DA:413,17
DA:414,17
DA:419,17
DA:421,17
DA:431,0
DA:432,0
DA:437,17
DA:440,17
DA:441,17
DA:443,17
DA:444,204
DA:446,17
DA:447,6
DA:451,11
DA:452,77
DA:454,11
DA:455,0
DA:458,11
DA:463,44
DA:464,44
DA:466,44
DA:467,44
LF:142
LH:120
BRDA:73,0,0,54
BRDA:73,0,1,2
BRDA:76,1,0,4
BRDA:94,2,0,50
BRDA:94,2,1,2
BRDA:102,3,0,50
BRDA:102,3,1,2
BRDA:111,4,0,17
BRDA:113,5,0,17
BRDA:119,6,0,6
BRDA:121,7,0,6
BRDA:127,8,0,6
BRDA:129,9,0,6
BRDA:138,10,0,1
BRDA:138,11,0,21
BRDA:138,11,1,9
BRDA:140,12,0,1
BRDA:155,13,0,8
BRDA:155,13,1,12
BRDA:155,14,0,0
BRDA:155,14,1,12
BRDA:173,15,0,6
BRDA:173,15,1,0
BRDA:202,16,0,3
BRDA:202,16,1,3
BRDA:209,17,0,0
BRDA:209,17,1,3
BRDA:216,18,0,6
BRDA:216,19,0,6
BRDA:216,19,1,6
BRDA:226,20,0,0
BRDA:226,20,1,6
BRDA:227,21,0,6
BRDA:227,21,1,6
BRDA:243,22,0,1
BRDA:245,23,0,1
BRDA:247,24,0,0
BRDA:247,24,1,1
BRDA:248,25,0,1
BRDA:248,25,1,1
BRDA:275,26,0,0
BRDA:288,27,0,33
BRDA:288,27,1,29
BRDA:288,27,2,29
BRDA:288,27,3,28
BRDA:288,27,4,28
BRDA:288,27,5,28
BRDA:288,27,6,1
BRDA:300,28,0,27
BRDA:300,28,1,23
BRDA:300,28,2,21
BRDA:300,28,3,21
BRDA:300,28,4,21
BRDA:312,29,0,3
BRDA:312,29,1,0
BRDA:313,30,0,3
BRDA:313,30,1,3
BRDA:319,31,0,4
BRDA:319,32,0,50
BRDA:319,32,1,46
BRDA:319,32,2,46
BRDA:322,33,0,1
BRDA:322,34,0,46
BRDA:322,34,1,45
BRDA:334,35,0,0
BRDA:415,36,0,10
BRDA:415,36,1,7
BRDA:415,37,0,17
BRDA:415,37,1,7
BRDA:446,38,0,6
BRDA:446,39,0,17
BRDA:446,39,1,13
BRDA:454,40,0,0
BRDA:454,41,0,11
BRDA:454,41,1,0
BRDA:458,42,0,7
BRDA:458,42,1,4
BRDA:463,43,0,44
BRF:78
BRH:68
end_of_record
TN:
SF:src/usecases/handleMessage.ts
FN:39,(anonymous_0)
FN:49,(anonymous_1)
FN:71,(anonymous_2)
FN:149,(anonymous_3)
FN:161,(anonymous_4)
FN:167,(anonymous_5)
FN:176,(anonymous_6)
FN:191,(anonymous_7)
FN:198,(anonymous_8)
FN:205,(anonymous_9)
FN:212,(anonymous_10)
FN:216,(anonymous_11)
FN:221,(anonymous_12)
FN:235,(anonymous_13)
FN:242,(anonymous_14)
FN:269,getReaction
FN:273,getReply
FNF:17
FNH:8
FNDA:83,(anonymous_0)
FNDA:206,(anonymous_1)
FNDA:1239,(anonymous_2)
FNDA:69,(anonymous_3)
FNDA:3,(anonymous_4)
FNDA:3,(anonymous_5)
FNDA:7,(anonymous_6)
FNDA:0,(anonymous_7)
FNDA:0,(anonymous_8)
FNDA:0,(anonymous_9)
FNDA:0,(anonymous_10)
FNDA:0,(anonymous_11)
FNDA:0,(anonymous_12)
FNDA:179,(anonymous_13)
FNDA:0,(anonymous_14)
FNDA:0,getReaction
FNDA:0,getReply
DA:1,3
DA:2,3
DA:3,3
DA:4,3
DA:5,3
DA:6,3
DA:7,3
DA:31,3
DA:36,83
DA:37,83
DA:40,83
DA:41,83
DA:42,83
DA:43,83
DA:50,206
DA:53,206
DA:54,6
DA:64,200
DA:65,200
DA:68,200
DA:71,1239
DA:76,200
DA:77,200
DA:80,200
DA:81,21
DA:91,179
DA:103,179
DA:108,179
DA:109,0
DA:117,179
DA:118,179
DA:127,0
DA:128,0
DA:139,0
DA:142,179
DA:143,179
DA:155,69
DA:162,3
DA:163,3
DA:164,3
DA:168,3
DA:169,3
DA:170,3
DA:177,7
DA:192,0
DA:199,0
DA:200,0
DA:206,0
DA:207,0
DA:209,0
DA:213,0
DA:216,0
DA:217,0
DA:228,0
DA:230,0
DA:231,0
DA:232,0
DA:237,179
DA:238,135
DA:239,59
DA:244,0
DA:246,0
DA:247,0
DA:257,0
DA:267,3
DA:269,3
DA:270,0
DA:273,3
DA:274,0
DA:277,3
LF:70
LH:47
BRDA:53,0,0,6
BRDA:53,1,0,206
BRDA:53,1,1,200
BRDA:70,2,0,200
BRDA:70,2,1,11
BRDA:71,3,0,200
BRDA:71,3,1,11
BRDA:77,4,0,179
BRDA:77,4,1,21
BRDA:80,5,0,21
BRDA:99,6,0,179
BRDA:99,6,1,1
BRDA:108,7,0,0
BRDA:108,7,1,179
BRDA:117,8,0,179
BRDA:117,8,1,0
BRDA:127,9,0,0
BRDA:127,9,1,0
BRDA:142,10,0,179
BRDA:142,10,1,0
BRDA:142,11,0,0
BRDA:142,11,1,179
BRDA:163,12,0,3
BRDA:163,12,1,3
BRDA:169,13,0,3
BRDA:169,13,1,3
BRDA:207,14,0,0
BRDA:230,15,0,0
BRDA:231,16,0,0
BRDA:237,17,0,44
BRDA:238,18,0,76
BRDA:246,19,0,0
BRF:32
BRH:22
end_of_record
TN:
SF:src/usecases/reactionSelector.ts
FN:42,(anonymous_0)
FN:50,(anonymous_1)
FN:138,(anonymous_2)
FN:173,(anonymous_3)
FN:207,(anonymous_4)
FN:221,(anonymous_5)
FN:233,(anonymous_6)
FN:247,(anonymous_7)
FN:263,(anonymous_8)
FN:274,(anonymous_9)
FN:275,(anonymous_10)
FN:281,(anonymous_11)
FNF:12
FNH:9
FNDA:105,(anonymous_0)
FNDA:196,(anonymous_1)
FNDA:124,(anonymous_2)
FNDA:58,(anonymous_3)
FNDA:13,(anonymous_4)
FNDA:1,(anonymous_5)
FNDA:74,(anonymous_6)
FNDA:8,(anonymous_7)
FNDA:182,(anonymous_8)
FNDA:0,(anonymous_9)
FNDA:0,(anonymous_10)
FNDA:0,(anonymous_11)
DA:23,4
DA:28,105
DA:34,105
DA:40,105
DA:43,105
DA:44,105
DA:51,196
DA:54,196
DA:62,196
DA:65,196
DA:66,0
DA:67,0
DA:70,0
DA:78,0
DA:87,0
DA:88,0
DA:91,196
DA:96,196
DA:98,124
DA:99,124
DA:101,58
DA:102,58
DA:104,1
DA:105,1
DA:107,13
DA:111,196
DA:119,196
DA:128,196
DA:129,196
DA:131,196
DA:132,196
DA:139,124
DA:142,124
DA:144,124
DA:145,33
DA:146,91
DA:147,91
DA:149,0
DA:154,124
DA:155,45
DA:156,79
DA:157,70
DA:159,9
DA:162,124
DA:174,58
DA:176,58
DA:178,58
DA:179,51
DA:180,7
DA:181,7
DA:183,0
DA:188,58
DA:189,7
DA:190,51
DA:191,0
DA:193,51
DA:196,58
DA:208,13
DA:210,13
DA:222,1
DA:239,74
DA:241,74
DA:248,8
DA:250,8
DA:264,182
DA:265,52
DA:266,70
DA:267,60
DA:275,0
DA:283,0
DA:296,0
DA:297,0
DA:299,0
LF:73
LH:59
BRDA:65,0,0,0
BRDA:65,1,0,196
BRDA:65,1,1,196
BRDA:96,2,0,124
BRDA:96,2,1,58
BRDA:96,2,2,1
BRDA:96,2,3,13
BRDA:144,3,0,33
BRDA:144,3,1,91
BRDA:144,4,0,124
BRDA:144,4,1,115
BRDA:146,5,0,91
BRDA:146,5,1,0
BRDA:154,6,0,45
BRDA:154,6,1,79
BRDA:155,7,0,45
BRDA:155,7,1,0
BRDA:156,8,0,70
BRDA:156,8,1,9
BRDA:157,9,0,70
BRDA:157,9,1,0
BRDA:159,10,0,9
BRDA:159,10,1,0
BRDA:178,11,0,51
BRDA:178,11,1,7
BRDA:178,12,0,58
BRDA:178,12,1,7
BRDA:180,13,0,7
BRDA:180,13,1,0
BRDA:188,14,0,7
BRDA:188,14,1,51
BRDA:189,15,0,7
BRDA:189,15,1,0
BRDA:190,16,0,0
BRDA:190,16,1,51
BRDA:191,17,0,0
BRDA:191,17,1,0
BRDA:193,18,0,51
BRDA:193,18,1,0
BRDA:264,19,0,52
BRDA:264,19,1,70
BRDA:264,19,2,60
BRDA:296,20,0,0
BRDA:296,20,1,0
BRF:44
BRH:31
end_of_record
