TN:
SF:src/config/emoji.config.ts
FNF:0
FNH:0
DA:7,3
DA:20,3
LF:2
LH:2
BRF:0
BRH:0
end_of_record
TN:
SF:src/config/vocabulary/fuzzy-matcher.ts
FN:17,(anonymous_1)
FN:21,(anonymous_2)
FN:29,(anonymous_3)
FN:34,(anonymous_4)
FN:40,(anonymous_5)
FN:42,(anonymous_6)
FN:43,(anonymous_7)
FN:62,(anonymous_8)
FN:89,(anonymous_9)
FN:99,(anonymous_10)
FN:102,(anonymous_11)
FN:125,(anonymous_12)
FN:129,(anonymous_13)
FN:131,(anonymous_14)
FN:147,(anonymous_15)
FN:168,(anonymous_16)
FN:172,(anonymous_17)
FN:189,(anonymous_18)
FN:198,(anonymous_19)
FN:203,(anonymous_20)
FN:204,(anonymous_21)
FN:205,(anonymous_22)
FN:211,(anonymous_23)
FN:222,(anonymous_24)
FNF:24
FNH:24
FNDA:202,(anonymous_1)
FNDA:202,(anonymous_2)
FNDA:38838,(anonymous_3)
FNDA:30338,(anonymous_4)
FNDA:10154,(anonymous_5)
FNDA:38838,(anonymous_6)
FNDA:30338,(anonymous_7)
FNDA:8905,(anonymous_8)
FNDA:1349,(anonymous_9)
FNDA:1053,(anonymous_10)
FNDA:588,(anonymous_11)
FNDA:962,(anonymous_12)
FNDA:8731,(anonymous_13)
FNDA:8459,(anonymous_14)
FNDA:578,(anonymous_15)
FNDA:5675,(anonymous_16)
FNDA:5675,(anonymous_17)
FNDA:5243,(anonymous_18)
FNDA:962,(anonymous_19)
FNDA:9906,(anonymous_20)
FNDA:8731,(anonymous_21)
FNDA:8731,(anonymous_22)
FNDA:10,(anonymous_23)
FNDA:17194,(anonymous_24)
DA:1,6
DA:13,6
DA:14,202
DA:15,202
DA:18,202
DA:23,202
DA:24,943
DA:26,10154
DA:29,10154
DA:30,38838
DA:34,10154
DA:35,30338
DA:40,10154
DA:42,38838
DA:43,30338
DA:46,943
DA:55,943
DA:63,8905
DA:64,8905
DA:67,8905
DA:68,8905
DA:69,7976
DA:77,7976
DA:85,929
DA:87,929
DA:88,4372
DA:89,4372
DA:90,1349
DA:99,1053
DA:102,929
DA:103,588
DA:104,588
DA:106,588
DA:107,392
DA:109,588
DA:119,929
DA:126,962
DA:127,962
DA:129,962
DA:130,8731
DA:131,8731
DA:132,8459
DA:133,8458
DA:134,1650
DA:136,8458
DA:141,962
DA:153,578
DA:155,578
DA:157,559
DA:158,559
DA:159,559
DA:161,559
DA:166,982
DA:168,982
DA:169,5675
DA:172,982
DA:173,5675
DA:176,982
DA:178,982
DA:179,654
DA:180,654
DA:181,654
DA:185,559
DA:190,5243
DA:200,962
DA:203,9906
DA:204,8731
DA:205,8731
DA:216,10
DA:217,10
DA:219,10
DA:221,46
DA:222,17194
DA:223,46
DA:224,46
DA:227,10
LF:76
LH:76
BRDA:62,0,0,73
BRDA:68,1,0,7976
BRDA:92,2,0,1349
BRDA:92,2,1,0
BRDA:106,3,0,196
BRDA:106,3,1,392
BRDA:107,4,0,167
BRDA:125,5,0,382
BRDA:132,6,0,8458
BRDA:133,7,0,1650
BRDA:155,8,0,19
BRDA:178,9,0,654
BRDA:203,10,0,9906
BRDA:203,10,1,9022
BRDA:230,11,0,10
BRDA:230,11,1,0
BRF:16
BRH:14
end_of_record
TN:
SF:src/config/vocabulary/ukrainian.ts
FNF:0
FNH:0
DA:9,6
LF:1
LH:1
BRF:0
BRH:0
end_of_record
TN:
SF:src/domain/atmosphereEnhancer.ts
FN:130,(anonymous_0)
FN:145,(anonymous_1)
FN:191,(anonymous_2)
FN:199,(anonymous_3)
FN:207,(anonymous_4)
FN:217,(anonymous_5)
FN:243,(anonymous_6)
FN:263,(anonymous_7)
FN:315,(anonymous_8)
FN:319,(anonymous_9)
FN:346,(anonymous_10)
FN:354,(anonymous_11)
FN:365,(anonymous_12)
FN:383,(anonymous_13)
FN:388,(anonymous_14)
FN:425,(anonymous_15)
FN:449,(anonymous_16)
FN:454,(anonymous_17)
FN:462,(anonymous_18)
FN:466,(anonymous_19)
FN:470,(anonymous_20)
FN:474,(anonymous_21)
FN:478,(anonymous_22)
FN:482,(anonymous_23)
FNF:24
FNH:24
FNDA:99,(anonymous_0)
FNDA:176,(anonymous_1)
FNDA:266,(anonymous_2)
FNDA:2394,(anonymous_3)
FNDA:1210,(anonymous_4)
FNDA:9,(anonymous_5)
FNDA:8,(anonymous_6)
FNDA:5,(anonymous_7)
FNDA:8,(anonymous_8)
FNDA:176,(anonymous_9)
FNDA:9347,(anonymous_10)
FNDA:176,(anonymous_11)
FNDA:176,(anonymous_12)
FNDA:113,(anonymous_13)
FNDA:113,(anonymous_14)
FNDA:176,(anonymous_15)
FNDA:4,(anonymous_16)
FNDA:5,(anonymous_17)
FNDA:43,(anonymous_18)
FNDA:12,(anonymous_19)
FNDA:6,(anonymous_20)
FNDA:5,(anonymous_21)
FNDA:3,(anonymous_22)
FNDA:100,(anonymous_23)
DA:41,2
DA:43,99
DA:44,99
DA:45,99
DA:46,99
DA:50,99
DA:63,99
DA:77,99
DA:90,99
DA:104,99
DA:117,99
DA:131,99
DA:142,99
DA:152,176
DA:153,176
DA:155,176
DA:156,90
DA:166,90
DA:170,176
DA:171,176
DA:172,176
DA:173,176
DA:176,176
DA:177,176
DA:180,176
DA:183,176
DA:184,176
DA:188,176
DA:192,266
DA:195,266
DA:196,266
DA:198,266
DA:199,2394
DA:201,266
DA:202,145
DA:206,121
DA:207,1210
DA:209,121
DA:210,13
DA:214,108
DA:218,9
DA:219,9
DA:221,8
DA:222,8
DA:223,8
DA:224,8
DA:225,8
DA:228,8
DA:229,3
DA:233,5
DA:235,5
DA:236,5
DA:237,5
DA:240,5
DA:248,8
DA:249,1
DA:252,7
DA:253,1
DA:256,6
DA:257,0
DA:260,6
DA:264,5
DA:265,5
DA:268,5
DA:270,3
DA:284,5
DA:286,1
DA:307,5
DA:308,1
DA:315,8
DA:316,5
DA:320,176
DA:321,176
DA:323,176
DA:333,176
DA:343,176
DA:345,176
DA:346,9347
DA:347,25
DA:351,176
DA:356,176
DA:357,73
DA:358,103
DA:359,4
DA:361,99
DA:366,176
DA:368,176
DA:369,113
DA:370,113
DA:377,113
DA:379,63
DA:384,113
DA:385,113
DA:389,113
DA:390,113
DA:393,113
DA:394,106
DA:395,7
DA:397,99
DA:398,7
DA:400,92
DA:401,7
DA:403,85
DA:404,4
DA:407,7
DA:408,1
DA:410,6
DA:411,1
DA:413,5
DA:414,2
DA:416,3
DA:417,1
DA:422,83
DA:426,176
DA:427,176
DA:429,176
DA:432,176
DA:435,176
DA:436,176
DA:440,176
DA:441,73
DA:442,103
DA:443,99
DA:446,176
DA:450,4
DA:451,4
DA:455,5
DA:456,5
DA:463,43
DA:467,12
DA:471,6
DA:475,5
DA:479,3
DA:484,100
DA:485,100
DA:486,100
DA:487,100
LF:137
LH:136
BRDA:130,0,0,0
BRDA:155,1,0,90
BRDA:183,2,0,176
BRDA:201,3,0,145
BRDA:201,4,0,266
BRDA:201,4,1,163
BRDA:209,5,0,13
BRDA:219,6,0,1
BRDA:223,7,0,8
BRDA:223,7,1,7
BRDA:225,8,0,8
BRDA:225,8,1,7
BRDA:228,9,0,3
BRDA:235,10,0,5
BRDA:248,11,0,1
BRDA:252,12,0,1
BRDA:256,13,0,0
BRDA:265,14,0,0
BRDA:265,14,1,5
BRDA:268,15,0,3
BRDA:275,16,0,3
BRDA:275,16,1,0
BRDA:284,17,0,1
BRDA:289,18,0,1
BRDA:289,18,1,0
BRDA:297,19,0,1
BRDA:297,19,1,0
BRDA:307,20,0,1
BRDA:316,21,0,5
BRDA:316,21,1,0
BRDA:343,22,0,168
BRDA:343,22,1,8
BRDA:346,23,0,25
BRDA:356,24,0,73
BRDA:356,24,1,103
BRDA:358,25,0,4
BRDA:358,25,1,99
BRDA:368,26,0,113
BRDA:368,26,1,63
BRDA:384,27,0,106
BRDA:384,27,1,7
BRDA:385,28,0,113
BRDA:385,28,1,0
BRDA:390,29,0,106
BRDA:390,29,1,7
BRDA:393,30,0,106
BRDA:393,30,1,7
BRDA:394,31,0,7
BRDA:394,32,0,106
BRDA:394,32,1,99
BRDA:394,32,2,99
BRDA:397,33,0,7
BRDA:397,34,0,99
BRDA:397,34,1,51
BRDA:397,34,2,44
BRDA:400,35,0,7
BRDA:400,36,0,92
BRDA:400,36,1,8
BRDA:400,36,2,5
BRDA:400,36,3,5
BRDA:403,37,0,4
BRDA:403,38,0,85
BRDA:403,38,1,84
BRDA:403,38,2,81
BRDA:407,39,0,1
BRDA:407,40,0,7
BRDA:407,40,1,6
BRDA:407,40,2,6
BRDA:410,41,0,1
BRDA:410,42,0,6
BRDA:410,42,1,2
BRDA:410,42,2,1
BRDA:413,43,0,2
BRDA:413,44,0,5
BRDA:413,44,1,3
BRDA:416,45,0,1
BRDA:416,46,0,3
BRDA:416,46,1,2
BRDA:435,47,0,176
BRDA:440,48,0,73
BRDA:440,48,1,103
BRDA:442,49,0,99
BRDA:450,50,0,4
BRDA:450,50,1,0
BRDA:455,51,0,5
BRDA:455,51,1,0
BRDA:463,52,0,43
BRDA:463,52,1,1
BRDA:467,53,0,12
BRDA:467,53,1,1
BRF:90
BRH:80
end_of_record
TN:
SF:src/domain/botCapabilities.ts
FN:12,(anonymous_0)
FN:283,(anonymous_1)
FN:287,(anonymous_2)
FN:292,(anonymous_3)
FN:299,(anonymous_4)
FN:319,(anonymous_5)
FN:321,(anonymous_6)
FN:327,(anonymous_7)
FN:334,(anonymous_8)
FN:386,(anonymous_9)
FN:387,(anonymous_10)
FN:390,(anonymous_11)
FN:394,(anonymous_12)
FN:395,(anonymous_13)
FNF:14
FNH:14
FNDA:77,(anonymous_0)
FNDA:158,(anonymous_1)
FNDA:13542,(anonymous_2)
FNDA:8497,(anonymous_3)
FNDA:25,(anonymous_4)
FNDA:125,(anonymous_5)
FNDA:1250,(anonymous_6)
FNDA:250,(anonymous_7)
FNDA:750,(anonymous_8)
FNDA:12,(anonymous_9)
FNDA:66,(anonymous_10)
FNDA:6,(anonymous_11)
FNDA:11,(anonymous_12)
FNDA:110,(anonymous_13)
DA:12,2
DA:13,77
DA:197,77
DA:284,158
DA:287,158
DA:288,13542
DA:292,158
DA:293,8497
DA:296,158
DA:300,25
DA:304,25
DA:308,25
DA:311,25
DA:319,25
DA:320,125
DA:321,1250
DA:324,125
DA:325,125
DA:327,125
DA:328,250
DA:329,250
DA:330,250
DA:332,250
DA:333,250
DA:334,750
DA:336,250
DA:342,25
DA:374,25
DA:377,25
DA:381,25
DA:383,25
DA:387,66
DA:391,6
DA:395,110
LF:34
LH:34
BRDA:296,0,0,158
BRDA:296,0,1,112
BRDA:299,1,0,1
BRDA:300,2,0,18
BRDA:300,2,1,7
BRDA:301,3,0,10
BRDA:301,3,1,8
BRDA:302,4,0,5
BRDA:302,4,1,2
BRDA:304,5,0,15
BRDA:304,5,1,10
BRDA:312,6,0,15
BRDA:312,6,1,10
BRDA:313,7,0,15
BRDA:313,7,1,10
BRDA:314,8,0,15
BRDA:314,8,1,10
BRDA:315,9,0,15
BRDA:315,9,1,10
BRDA:316,10,0,15
BRDA:316,10,1,10
BRDA:324,11,0,125
BRDA:328,12,0,150
BRDA:328,12,1,100
BRDA:329,13,0,150
BRDA:329,13,1,100
BRDA:330,14,0,150
BRDA:330,14,1,100
BRDA:333,15,0,250
BRDA:342,16,0,15
BRDA:342,16,1,10
BRDA:377,17,0,15
BRDA:377,17,1,10
BRF:33
BRH:33
end_of_record
TN:
SF:src/domain/emotionalAnalyzer.ts
FN:26,(anonymous_0)
FN:41,(anonymous_1)
FN:78,(anonymous_2)
FN:95,(anonymous_3)
FN:124,(anonymous_4)
FN:128,(anonymous_5)
FN:143,(anonymous_6)
FN:155,(anonymous_7)
FN:172,(anonymous_8)
FN:205,(anonymous_9)
FN:215,(anonymous_10)
FN:238,(anonymous_11)
FN:273,(anonymous_12)
FN:288,(anonymous_13)
FN:295,(anonymous_14)
FN:302,(anonymous_15)
FN:316,(anonymous_16)
FNF:17
FNH:17
FNDA:126,(anonymous_0)
FNDA:378,(anonymous_1)
FNDA:2479,(anonymous_2)
FNDA:367,(anonymous_3)
FNDA:367,(anonymous_4)
FNDA:662,(anonymous_5)
FNDA:2479,(anonymous_6)
FNDA:367,(anonymous_7)
FNDA:367,(anonymous_8)
FNDA:367,(anonymous_9)
FNDA:367,(anonymous_10)
FNDA:367,(anonymous_11)
FNDA:11,(anonymous_12)
FNDA:1,(anonymous_13)
FNDA:3,(anonymous_14)
FNDA:9,(anonymous_15)
FNDA:1,(anonymous_16)
DA:21,4
DA:24,126
DA:27,126
DA:28,126
DA:49,378
DA:50,378
DA:52,378
DA:53,11
DA:57,367
DA:60,367
DA:63,367
DA:66,367
DA:69,367
DA:72,367
DA:74,367
DA:78,2479
DA:85,367
DA:86,353
DA:89,367
DA:96,367
DA:97,367
DA:98,367
DA:101,367
DA:104,367
DA:105,107
DA:109,367
DA:110,367
DA:111,356
DA:115,367
DA:116,367
DA:118,367
DA:125,367
DA:126,367
DA:127,367
DA:128,662
DA:130,367
DA:133,367
DA:136,367
DA:139,367
DA:142,367
DA:143,2479
DA:145,367
DA:146,355
DA:149,367
DA:157,367
DA:161,367
DA:166,367
DA:173,367
DA:176,367
DA:177,367
DA:178,118
DA:182,367
DA:183,367
DA:184,291
DA:188,367
DA:189,367
DA:190,174
DA:194,367
DA:195,367
DA:196,0
DA:199,367
DA:206,367
DA:207,367
DA:209,5
DA:222,367
DA:225,362
DA:228,361
DA:245,367
DA:246,5
DA:249,362
DA:250,1
DA:253,361
DA:254,8
DA:255,8
DA:256,2
DA:258,8
DA:259,7
DA:261,8
DA:262,0
DA:264,8
DA:267,353
DA:274,11
DA:289,1
DA:296,3
DA:303,9
DA:317,1
LF:86
LH:84
BRDA:26,0,0,122
BRDA:52,1,0,11
BRDA:85,2,0,353
BRDA:104,3,0,107
BRDA:110,4,0,356
BRDA:130,5,0,0
BRDA:145,6,0,355
BRDA:176,7,0,367
BRDA:176,7,1,23
BRDA:177,8,0,118
BRDA:182,9,0,367
BRDA:182,9,1,76
BRDA:183,10,0,291
BRDA:189,11,0,174
BRDA:189,12,0,367
BRDA:189,12,1,174
BRDA:194,13,0,367
BRDA:194,13,1,365
BRDA:195,14,0,0
BRDA:207,15,0,362
BRDA:222,16,0,5
BRDA:225,17,0,1
BRDA:229,18,0,361
BRDA:229,18,1,359
BRDA:229,18,2,353
BRDA:245,19,0,5
BRDA:249,20,0,1
BRDA:253,21,0,8
BRDA:255,22,0,2
BRDA:258,23,0,7
BRDA:261,24,0,0
BRF:31
BRH:28
end_of_record
TN:
SF:src/domain/inappropriateContentDetector.ts
FN:139,(anonymous_0)
FN:151,(anonymous_1)
FN:217,(anonymous_2)
FN:225,(anonymous_3)
FN:233,(anonymous_4)
FN:242,(anonymous_5)
FN:261,(anonymous_6)
FN:289,(anonymous_7)
FN:300,(anonymous_8)
FN:328,(anonymous_9)
FN:343,(anonymous_10)
FN:347,(anonymous_11)
FN:351,(anonymous_12)
FN:353,(anonymous_13)
FN:357,(anonymous_14)
FN:361,(anonymous_15)
FN:365,(anonymous_16)
FN:369,(anonymous_17)
FN:373,(anonymous_18)
FN:380,(anonymous_19)
FNF:20
FNH:20
FNDA:100,(anonymous_0)
FNDA:160,(anonymous_1)
FNDA:155,(anonymous_2)
FNDA:1395,(anonymous_3)
FNDA:760,(anonymous_4)
FNDA:621,(anonymous_5)
FNDA:155,(anonymous_6)
FNDA:155,(anonymous_7)
FNDA:51,(anonymous_8)
FNDA:51,(anonymous_9)
FNDA:3,(anonymous_10)
FNDA:3,(anonymous_11)
FNDA:1,(anonymous_12)
FNDA:1,(anonymous_13)
FNDA:5,(anonymous_14)
FNDA:3,(anonymous_15)
FNDA:3,(anonymous_16)
FNDA:1,(anonymous_17)
FNDA:2,(anonymous_18)
FNDA:2,(anonymous_19)
DA:20,2
DA:24,100
DA:42,100
DA:61,100
DA:88,100
DA:116,100
DA:126,100
DA:136,100
DA:137,100
DA:140,100
DA:152,160
DA:153,155
DA:154,155
DA:155,155
DA:158,155
DA:161,155
DA:164,155
DA:165,620
DA:166,620
DA:167,56
DA:168,56
DA:170,56
DA:171,10
DA:172,46
DA:173,42
DA:179,155
DA:180,1
DA:181,1
DA:182,1
DA:183,1
DA:184,1
DA:189,155
DA:190,155
DA:191,5
DA:192,5
DA:195,155
DA:196,155
DA:198,155
DA:199,155
DA:201,155
DA:202,51
DA:203,51
DA:206,155
DA:218,155
DA:221,155
DA:222,155
DA:224,155
DA:225,1395
DA:227,155
DA:228,79
DA:232,76
DA:233,760
DA:235,76
DA:236,9
DA:239,67
DA:243,621
DA:244,621
DA:246,621
DA:247,4797
DA:248,70
DA:249,70
DA:254,621
DA:255,10
DA:258,621
DA:262,155
DA:265,155
DA:266,1
DA:270,155
DA:271,155
DA:272,2
DA:276,155
DA:277,155
DA:278,2
DA:282,155
DA:283,1
DA:286,155
DA:290,155
DA:292,2
DA:294,1
DA:296,152
DA:301,51
DA:302,1
DA:308,50
DA:312,50
DA:313,50
DA:315,50
DA:316,50
DA:319,50
DA:320,9
DA:321,9
DA:322,9
DA:325,50
DA:329,51
DA:331,50
DA:333,50
DA:334,11
DA:335,11
DA:338,39
DA:339,39
DA:344,3
DA:348,3
DA:352,1
DA:353,1
DA:358,5
DA:362,3
DA:366,3
DA:370,1
DA:379,2
DA:380,2
LF:109
LH:109
BRDA:139,0,0,0
BRDA:161,1,0,145
BRDA:161,1,1,10
BRDA:166,2,0,56
BRDA:170,3,0,10
BRDA:170,3,1,46
BRDA:170,4,0,56
BRDA:170,4,1,49
BRDA:172,5,0,42
BRDA:172,6,0,46
BRDA:172,6,1,44
BRDA:179,7,0,1
BRDA:181,8,0,1
BRDA:190,9,0,5
BRDA:196,10,0,155
BRDA:196,10,1,51
BRDA:201,11,0,51
BRDA:227,12,0,79
BRDA:227,13,0,155
BRDA:227,13,1,96
BRDA:235,14,0,9
BRDA:247,15,0,70
BRDA:254,16,0,10
BRDA:265,17,0,1
BRDA:265,18,0,155
BRDA:265,18,1,102
BRDA:270,19,0,155
BRDA:270,19,1,153
BRDA:271,20,0,2
BRDA:276,21,0,155
BRDA:276,21,1,153
BRDA:277,22,0,2
BRDA:282,23,0,1
BRDA:290,24,0,2
BRDA:290,24,1,1
BRDA:290,24,2,152
BRDA:301,25,0,1
BRDA:302,26,0,1
BRDA:302,26,1,0
BRDA:308,27,0,46
BRDA:308,27,1,4
BRDA:313,28,0,50
BRDA:313,28,1,3
BRDA:319,29,0,9
BRDA:319,30,0,50
BRDA:319,30,1,10
BRDA:320,31,0,8
BRDA:320,31,1,1
BRDA:329,32,0,1
BRDA:331,33,0,50
BRDA:331,33,1,42
BRDA:333,34,0,11
BRDA:333,35,0,50
BRDA:333,35,1,41
BRDA:358,36,0,5
BRDA:358,36,1,1
BRF:56
BRH:54
end_of_record
TN:
SF:src/domain/learningEngine.ts
FN:64,(anonymous_0)
FN:71,(anonymous_1)
FN:116,(anonymous_2)
FN:128,(anonymous_3)
FN:138,(anonymous_4)
FN:173,(anonymous_5)
FN:179,(anonymous_6)
FN:203,(anonymous_7)
FN:238,(anonymous_8)
FN:240,(anonymous_9)
FN:258,(anonymous_10)
FN:317,(anonymous_11)
FN:333,(anonymous_12)
FN:338,(anonymous_13)
FN:347,(anonymous_14)
FN:351,(anonymous_15)
FN:364,(anonymous_16)
FN:373,(anonymous_17)
FN:378,(anonymous_18)
FN:384,(anonymous_19)
FN:399,(anonymous_20)
FN:443,(anonymous_21)
FN:448,(anonymous_22)
FN:454,(anonymous_23)
FN:460,(anonymous_24)
FNF:25
FNH:24
FNDA:110,(anonymous_0)
FNDA:186,(anonymous_1)
FNDA:2,(anonymous_2)
FNDA:2,(anonymous_3)
FNDA:307,(anonymous_4)
FNDA:111,(anonymous_5)
FNDA:2711,(anonymous_6)
FNDA:110,(anonymous_7)
FNDA:102,(anonymous_8)
FNDA:16,(anonymous_9)
FNDA:110,(anonymous_10)
FNDA:186,(anonymous_11)
FNDA:296,(anonymous_12)
FNDA:307,(anonymous_13)
FNDA:307,(anonymous_14)
FNDA:220,(anonymous_15)
FNDA:210,(anonymous_16)
FNDA:0,(anonymous_17)
FNDA:110,(anonymous_18)
FNDA:48,(anonymous_19)
FNDA:140,(anonymous_20)
FNDA:110,(anonymous_21)
FNDA:110,(anonymous_22)
FNDA:16,(anonymous_23)
FNDA:10,(anonymous_24)
DA:56,5
DA:57,110
DA:58,110
DA:59,110
DA:60,110
DA:61,110
DA:62,110
DA:65,110
DA:84,186
DA:87,186
DA:88,74
DA:92,186
DA:93,186
DA:95,186
DA:97,140
DA:101,46
DA:103,46
DA:104,48
DA:105,48
DA:107,48
DA:108,48
DA:109,48
DA:110,48
DA:115,46
DA:116,2
DA:118,46
DA:119,0
DA:122,46
DA:124,46
DA:128,2
DA:146,307
DA:159,307
DA:162,307
DA:163,1
DA:166,307
DA:167,307
DA:179,2711
DA:180,111
DA:182,110
DA:191,110
DA:194,110
DA:197,110
DA:204,110
DA:206,110
DA:207,110
DA:209,110
DA:210,26
DA:220,26
DA:223,110
DA:225,110
DA:226,97
DA:227,97
DA:229,13
DA:230,13
DA:233,110
DA:234,110
DA:237,110
DA:238,102
DA:239,110
DA:240,16
DA:241,110
DA:243,110
DA:244,110
DA:246,110
DA:252,110
DA:259,110
DA:261,110
DA:262,8
DA:275,8
DA:278,110
DA:279,110
DA:280,110
DA:283,110
DA:284,0
DA:288,110
DA:289,110
DA:290,110
DA:292,110
DA:294,45
DA:296,45
DA:298,31
DA:300,31
DA:304,110
DA:305,71
DA:309,110
DA:310,28
DA:318,186
DA:334,296
DA:335,296
DA:340,307
DA:348,307
DA:353,220
DA:354,220
DA:355,130
DA:357,68
DA:358,0
DA:359,0
DA:361,68
DA:365,210
DA:366,200
DA:368,200
DA:370,0
DA:372,0
DA:373,0
DA:375,0
DA:379,110
DA:380,100
DA:381,3
DA:385,48
DA:387,48
DA:389,15
DA:390,15
DA:392,26
DA:393,26
DA:396,48
DA:406,140
DA:410,23
DA:418,29
DA:426,84
DA:433,4
DA:445,110
DA:450,110
DA:455,16
DA:460,10
LF:124
LH:116
BRDA:87,0,0,74
BRDA:95,1,0,140
BRDA:95,2,0,186
BRDA:95,2,1,51
BRDA:104,3,0,48
BRDA:104,3,1,48
BRDA:107,4,0,48
BRDA:118,5,0,0
BRDA:162,6,0,1
BRDA:180,7,0,1
BRDA:204,8,0,0
BRDA:209,9,0,26
BRDA:225,10,0,97
BRDA:225,10,1,13
BRDA:226,11,0,97
BRDA:226,11,1,22
BRDA:229,12,0,13
BRDA:229,12,1,8
BRDA:243,13,0,110
BRDA:261,14,0,8
BRDA:283,15,0,0
BRDA:288,16,0,110
BRDA:290,17,0,97
BRDA:290,17,1,13
BRDA:292,18,0,45
BRDA:292,18,1,31
BRDA:304,19,0,71
BRDA:304,20,0,110
BRDA:304,20,1,84
BRDA:306,21,0,61
BRDA:306,21,1,10
BRDA:309,22,0,28
BRDA:309,23,0,110
BRDA:309,23,1,82
BRDA:311,24,0,28
BRDA:311,24,1,0
BRDA:318,25,0,186
BRDA:318,25,1,74
BRDA:353,26,0,220
BRDA:354,27,0,90
BRDA:355,28,0,62
BRDA:357,29,0,0
BRDA:358,30,0,0
BRDA:359,31,0,0
BRDA:365,32,0,10
BRDA:366,33,0,200
BRDA:366,34,0,200
BRDA:366,34,1,200
BRDA:370,35,0,0
BRDA:370,36,0,0
BRDA:370,36,1,0
BRDA:379,37,0,10
BRDA:380,38,0,97
BRDA:387,39,0,15
BRDA:387,39,1,26
BRDA:406,40,0,6
BRDA:406,40,1,23
BRDA:406,40,2,25
BRDA:406,40,3,29
BRDA:406,40,4,84
BRDA:406,40,5,4
BRDA:427,41,0,83
BRDA:427,41,1,1
BRDA:459,42,0,16
BRDA:459,42,1,10
BRF:65
BRH:55
end_of_record
TN:
SF:src/domain/memeGenerator.ts
FN:102,(anonymous_1)
FN:106,(anonymous_2)
FN:128,(anonymous_3)
FN:153,(anonymous_4)
FN:211,(anonymous_5)
FN:245,(anonymous_6)
FN:266,(anonymous_7)
FN:282,(anonymous_8)
FN:295,(anonymous_9)
FN:300,(anonymous_10)
FN:306,(anonymous_11)
FNF:11
FNH:11
FNDA:106,(anonymous_1)
FNDA:32,(anonymous_2)
FNDA:43,(anonymous_3)
FNDA:26,(anonymous_4)
FNDA:32,(anonymous_5)
FNDA:7,(anonymous_6)
FNDA:7,(anonymous_7)
FNDA:4,(anonymous_8)
FNDA:7,(anonymous_9)
FNDA:35,(anonymous_10)
FNDA:4,(anonymous_11)
DA:1,2
DA:20,2
DA:22,106
DA:56,106
DA:85,106
DA:94,106
DA:103,106
DA:107,32
DA:108,32
DA:111,32
DA:112,32
DA:113,0
DA:117,32
DA:119,0
DA:120,0
DA:129,43
DA:130,43
DA:134,43
DA:135,43
DA:137,43
DA:144,0
DA:145,0
DA:154,26
DA:156,26
DA:159,26
DA:161,20
DA:162,2
DA:164,18
DA:165,1
DA:167,17
DA:168,2
DA:170,15
DA:171,2
DA:173,13
DA:174,2
DA:178,11
DA:179,56
DA:180,2
DA:185,9
DA:186,3
DA:188,6
DA:189,1
DA:192,6
DA:193,20
DA:194,5
DA:200,6
DA:201,2
DA:208,4
DA:213,32
DA:214,32
DA:216,32
DA:217,19
DA:220,13
DA:221,13
DA:229,13
DA:230,0
DA:238,0
DA:241,13
DA:246,7
DA:255,7
DA:258,7
DA:267,7
DA:269,7
DA:273,7
DA:287,4
DA:296,7
DA:297,7
DA:299,7
DA:300,35
DA:302,7
DA:307,4
LF:71
LH:64
BRDA:108,0,0,32
BRDA:108,0,1,4
BRDA:112,1,0,0
BRDA:123,2,0,0
BRDA:123,2,1,0
BRDA:128,3,0,0
BRDA:130,4,0,35
BRDA:130,4,1,8
BRDA:131,5,0,35
BRDA:131,5,1,1
BRDA:132,6,0,8
BRDA:132,6,1,0
BRDA:140,7,0,35
BRDA:140,7,1,8
BRDA:153,8,0,3
BRDA:156,9,0,20
BRDA:156,9,1,6
BRDA:159,10,0,20
BRDA:159,10,1,6
BRDA:161,11,0,2
BRDA:161,12,0,20
BRDA:161,12,1,18
BRDA:164,13,0,1
BRDA:164,14,0,18
BRDA:164,14,1,17
BRDA:167,15,0,2
BRDA:167,16,0,17
BRDA:167,16,1,15
BRDA:170,17,0,2
BRDA:173,18,0,2
BRDA:179,19,0,2
BRDA:185,20,0,3
BRDA:185,21,0,9
BRDA:185,21,1,7
BRDA:188,22,0,1
BRDA:188,23,0,6
BRDA:188,23,1,6
BRDA:193,24,0,5
BRDA:200,25,0,2
BRDA:200,26,0,6
BRDA:200,26,1,5
BRDA:202,27,0,1
BRDA:202,27,1,1
BRDA:203,28,0,0
BRDA:203,28,1,2
BRDA:216,29,0,19
BRDA:216,30,0,32
BRDA:216,30,1,13
BRDA:217,31,0,19
BRDA:217,31,1,4
BRDA:222,32,0,13
BRDA:222,32,1,12
BRDA:226,33,0,13
BRDA:226,33,1,0
BRDA:229,34,0,0
BRDA:234,35,0,0
BRDA:234,35,1,0
BRDA:241,36,0,13
BRDA:241,36,1,0
BRDA:255,37,0,7
BRDA:255,37,1,1
BRDA:266,38,0,4
BRDA:267,39,0,1
BRDA:267,39,1,6
BRDA:269,40,0,6
BRDA:269,40,1,1
BRDA:276,41,0,6
BRDA:276,41,1,1
BRDA:302,42,0,4
BRDA:302,42,1,3
BRDA:302,43,0,7
BRDA:302,43,1,5
BRDA:306,44,0,2
BRDA:307,45,0,3
BRDA:307,45,1,1
BRF:75
BRH:64
end_of_record
TN:
SF:src/domain/messageAnalyzer.ts
FN:23,detectLanguage
FN:38,analyzeMessage
FN:46,analyzeMessageDetailed
FN:173,(anonymous_3)
FN:177,(anonymous_4)
FN:181,(anonymous_5)
FN:185,(anonymous_6)
FN:282,(anonymous_7)
FNF:8
FNH:8
FNDA:311,detectLanguage
FNDA:290,analyzeMessage
FNDA:311,analyzeMessageDetailed
FNDA:76565,(anonymous_3)
FNDA:26075,(anonymous_4)
FNDA:5394,(anonymous_5)
FNDA:6814,(anonymous_6)
FNDA:11317,(anonymous_7)
DA:1,4
DA:24,311
DA:25,311
DA:27,311
DA:28,311
DA:30,311
DA:31,38
DA:32,10
DA:38,4
DA:39,290
DA:40,290
DA:46,4
DA:47,311
DA:48,311
DA:51,311
DA:54,311
DA:55,311
DA:56,7
DA:57,304
DA:58,0
DA:62,311
DA:63,311
DA:64,311
DA:65,2
DA:66,309
DA:67,4
DA:71,311
DA:137,311
DA:157,311
DA:165,311
DA:173,311
DA:174,76565
DA:177,311
DA:178,26075
DA:181,311
DA:182,5394
DA:185,311
DA:186,6814
DA:190,311
DA:191,283
DA:192,94
DA:193,94
DA:194,189
DA:195,30
DA:196,30
DA:201,311
DA:206,311
DA:209,311
DA:211,311
DA:212,74
DA:213,237
DA:214,1
DA:215,236
DA:216,30
DA:217,206
DA:218,25
DA:219,181
DA:220,38
DA:224,311
DA:280,311
DA:281,143
DA:282,11317
DA:283,50
DA:284,50
DA:290,311
DA:291,93
DA:294,311
LF:67
LH:66
BRDA:27,0,0,277
BRDA:27,0,1,34
BRDA:28,1,0,34
BRDA:28,1,1,277
BRDA:30,2,0,273
BRDA:31,3,0,28
BRDA:55,4,0,7
BRDA:55,4,1,304
BRDA:57,5,0,0
BRDA:64,6,0,2
BRDA:64,6,1,309
BRDA:66,7,0,4
BRDA:190,8,0,283
BRDA:190,9,0,311
BRDA:190,9,1,38
BRDA:191,10,0,94
BRDA:191,10,1,189
BRDA:191,11,0,283
BRDA:191,11,1,94
BRDA:193,12,0,93
BRDA:194,13,0,30
BRDA:194,14,0,189
BRDA:194,14,1,30
BRDA:196,15,0,30
BRDA:201,16,0,311
BRDA:201,16,1,100
BRDA:201,16,2,309
BRDA:201,16,3,98
BRDA:201,16,4,237
BRDA:201,16,5,21
BRDA:206,17,0,311
BRDA:206,17,1,281
BRDA:206,17,2,280
BRDA:211,18,0,74
BRDA:211,18,1,237
BRDA:213,19,0,1
BRDA:213,19,1,236
BRDA:213,20,0,237
BRDA:213,20,1,31
BRDA:215,21,0,30
BRDA:215,21,1,206
BRDA:217,22,0,25
BRDA:217,22,1,181
BRDA:217,23,0,206
BRDA:217,23,1,26
BRDA:219,24,0,38
BRDA:280,25,0,143
BRDA:282,26,0,50
BRDA:290,27,0,93
BRF:49
BRH:48
end_of_record
TN:
SF:src/domain/nlpConversation.ts
FN:37,(anonymous_0)
FN:41,(anonymous_1)
FN:86,(anonymous_2)
FN:94,(anonymous_3)
FN:103,(anonymous_4)
FN:112,(anonymous_5)
FN:117,(anonymous_6)
FN:125,(anonymous_7)
FN:128,(anonymous_8)
FN:131,(anonymous_9)
FN:134,(anonymous_10)
FN:159,(anonymous_11)
FN:204,(anonymous_12)
FN:249,(anonymous_13)
FN:280,(anonymous_14)
FN:285,(anonymous_15)
FN:304,(anonymous_16)
FN:314,(anonymous_17)
FN:323,(anonymous_18)
FN:324,(anonymous_19)
FN:325,(anonymous_20)
FNF:21
FNH:21
FNDA:78,(anonymous_0)
FNDA:166,(anonymous_1)
FNDA:166,(anonymous_2)
FNDA:3320,(anonymous_3)
FNDA:621,(anonymous_4)
FNDA:166,(anonymous_5)
FNDA:511,(anonymous_6)
FNDA:529,(anonymous_7)
FNDA:345,(anonymous_8)
FNDA:317,(anonymous_9)
FNDA:370,(anonymous_10)
FNDA:97,(anonymous_11)
FNDA:69,(anonymous_12)
FNDA:166,(anonymous_13)
FNDA:166,(anonymous_14)
FNDA:166,(anonymous_15)
FNDA:166,(anonymous_16)
FNDA:5,(anonymous_17)
FNDA:7,(anonymous_18)
FNDA:7,(anonymous_19)
FNDA:7,(anonymous_20)
DA:20,2
DA:21,78
DA:22,78
DA:23,78
DA:24,78
DA:27,78
DA:38,78
DA:42,166
DA:43,166
DA:46,166
DA:47,166
DA:50,166
DA:53,166
DA:56,166
DA:59,166
DA:62,166
DA:63,97
DA:64,97
DA:66,69
DA:67,69
DA:71,166
DA:74,166
DA:76,166
DA:87,166
DA:90,166
DA:91,166
DA:93,166
DA:94,3320
DA:97,166
DA:98,97
DA:102,69
DA:103,621
DA:105,69
DA:106,0
DA:109,69
DA:113,166
DA:115,166
DA:117,511
DA:118,15
DA:121,82
DA:123,1
DA:125,529
DA:126,8
DA:128,345
DA:129,9
DA:131,317
DA:132,1
DA:134,370
DA:135,2
DA:140,130
DA:141,2
DA:143,128
DA:144,2
DA:146,126
DA:147,4
DA:149,122
DA:150,6
DA:152,116
DA:153,0
DA:156,116
DA:160,97
DA:162,97
DA:200,97
DA:201,97
DA:205,69
DA:207,69
DA:245,69
DA:246,69
DA:251,166
DA:252,1
DA:253,1
DA:254,1
DA:255,1
DA:258,0
DA:259,0
DA:265,166
DA:270,166
DA:272,166
DA:273,56
DA:274,56
DA:277,166
DA:281,166
DA:282,166
DA:286,166
DA:288,166
DA:289,82
DA:290,82
DA:291,82
DA:292,15
DA:295,84
DA:301,166
DA:305,166
DA:306,217
DA:307,0
DA:308,0
DA:320,5
DA:321,5
DA:323,7
DA:324,7
DA:325,7
LF:100
LH:94
BRDA:62,0,0,97
BRDA:62,0,1,69
BRDA:62,1,0,166
BRDA:62,1,1,69
BRDA:82,2,0,0
BRDA:82,2,1,166
BRDA:97,3,0,97
BRDA:97,4,0,166
BRDA:97,4,1,100
BRDA:105,5,0,0
BRDA:105,6,0,69
BRDA:105,6,1,0
BRDA:115,7,0,97
BRDA:115,8,0,166
BRDA:115,8,1,69
BRDA:117,9,0,15
BRDA:121,10,0,1
BRDA:121,11,0,82
BRDA:121,11,1,81
BRDA:121,11,2,81
BRDA:121,11,3,6
BRDA:125,12,0,8
BRDA:128,13,0,9
BRDA:131,14,0,1
BRDA:134,15,0,2
BRDA:140,16,0,2
BRDA:140,17,0,130
BRDA:140,17,1,128
BRDA:143,18,0,2
BRDA:143,19,0,128
BRDA:143,19,1,128
BRDA:146,20,0,4
BRDA:146,21,0,126
BRDA:146,21,1,125
BRDA:149,22,0,6
BRDA:149,23,0,122
BRDA:149,23,1,117
BRDA:152,24,0,0
BRDA:152,25,0,116
BRDA:152,25,1,116
BRDA:200,26,0,97
BRDA:200,26,1,0
BRDA:245,27,0,69
BRDA:245,27,1,0
BRDA:251,28,0,1
BRDA:253,29,0,1
BRDA:253,29,1,0
BRDA:253,30,0,1
BRDA:253,30,1,0
BRDA:254,31,0,1
BRDA:254,32,0,1
BRDA:254,32,1,0
BRDA:258,33,0,0
BRDA:258,34,0,0
BRDA:258,34,1,0
BRDA:270,35,0,0
BRDA:270,35,1,166
BRDA:272,36,0,56
BRDA:272,37,0,166
BRDA:272,37,1,56
BRDA:282,38,0,166
BRDA:282,38,1,19
BRDA:288,39,0,82
BRDA:288,39,1,84
BRDA:291,40,0,15
BRDA:306,41,0,0
BRF:66
BRH:52
end_of_record
TN:
SF:src/domain/potuzhnoPowerWordsDetector.ts
FN:135,(anonymous_0)
FN:142,(anonymous_1)
FN:146,(anonymous_2)
FN:178,(anonymous_3)
FN:186,(anonymous_4)
FN:192,(anonymous_5)
FN:203,(anonymous_6)
FN:220,(anonymous_7)
FN:221,(anonymous_8)
FN:227,(anonymous_9)
FN:234,(anonymous_10)
FN:239,(anonymous_11)
FN:241,(anonymous_12)
FN:254,(anonymous_13)
FN:290,(anonymous_14)
FN:301,(anonymous_15)
FN:329,(anonymous_16)
FN:335,(anonymous_17)
FN:338,(anonymous_18)
FN:344,(anonymous_19)
FN:345,(anonymous_20)
FN:346,(anonymous_21)
FN:347,(anonymous_22)
FN:355,(anonymous_23)
FN:385,(anonymous_24)
FNF:25
FNH:25
FNDA:83,(anonymous_0)
FNDA:299,(anonymous_1)
FNDA:3656,(anonymous_2)
FNDA:24,(anonymous_3)
FNDA:95,(anonymous_4)
FNDA:11,(anonymous_5)
FNDA:11,(anonymous_6)
FNDA:7,(anonymous_7)
FNDA:7,(anonymous_8)
FNDA:2,(anonymous_9)
FNDA:2,(anonymous_10)
FNDA:8,(anonymous_11)
FNDA:7,(anonymous_12)
FNDA:24298,(anonymous_13)
FNDA:5,(anonymous_14)
FNDA:5,(anonymous_15)
FNDA:299,(anonymous_16)
FNDA:3748,(anonymous_17)
FNDA:3228,(anonymous_18)
FNDA:8551,(anonymous_19)
FNDA:113,(anonymous_20)
FNDA:120,(anonymous_21)
FNDA:59,(anonymous_22)
FNDA:36,(anonymous_23)
FNDA:44,(anonymous_24)
DA:10,2
DA:11,83
DA:14,83
DA:143,299
DA:144,299
DA:146,299
DA:147,3656
DA:149,3621
DA:151,3621
DA:152,7242
DA:154,4018
DA:155,24298
DA:156,24298
DA:157,3228
DA:165,3228
DA:166,3228
DA:172,299
DA:179,24
DA:180,24
DA:187,95
DA:189,95
DA:192,33
DA:193,11
DA:194,11
DA:195,11
DA:196,11
DA:209,11
DA:211,11
DA:212,9
DA:220,7
DA:221,7
DA:223,2
DA:227,2
DA:239,2
DA:240,8
DA:241,8
DA:243,8
DA:255,24298
DA:258,24298
DA:259,3188
DA:263,21110
DA:264,110833
DA:265,31
DA:270,21079
DA:271,98117
DA:272,9
DA:277,21070
DA:278,5
DA:279,5
DA:280,0
DA:284,21070
DA:291,5
DA:292,5
DA:294,5
DA:295,5
DA:302,5
DA:304,5
DA:305,42
DA:308,5
DA:309,2808
DA:312,5
DA:313,37
DA:314,19627
DA:315,3604
DA:317,16023
DA:326,5
DA:331,299
DA:335,3748
DA:339,3228
DA:340,3228
DA:341,3228
DA:342,3228
DA:344,8551
DA:345,113
DA:346,120
DA:347,59
DA:349,0
DA:356,36
DA:379,36
DA:386,44
DA:409,44
DA:410,44
LF:82
LH:80
BRDA:147,0,0,35
BRDA:152,1,0,3224
BRDA:156,2,0,3228
BRDA:156,3,0,24298
BRDA:156,3,1,3228
BRDA:189,4,0,62
BRDA:211,5,0,9
BRDA:246,6,0,8
BRDA:246,6,1,1
BRDA:258,7,0,3188
BRDA:264,8,0,31
BRDA:271,9,0,9
BRDA:277,10,0,5
BRDA:277,11,0,21070
BRDA:277,11,1,21066
BRDA:279,12,0,0
BRDA:292,13,0,0
BRDA:314,14,0,3604
BRDA:314,14,1,16023
BRDA:344,15,0,3187
BRDA:344,16,0,8551
BRDA:344,16,1,5364
BRDA:345,17,0,8
BRDA:345,18,0,113
BRDA:345,18,1,105
BRDA:346,19,0,4
BRDA:346,20,0,120
BRDA:346,20,1,116
BRDA:347,21,0,29
BRDA:347,22,0,59
BRDA:347,22,1,30
BRF:31
BRH:29
end_of_record
TN:
SF:src/usecases/enhancedMessageHandler.ts
FN:49,(anonymous_0)
FN:72,(anonymous_1)
FN:214,(anonymous_2)
FN:243,(anonymous_3)
FN:285,(anonymous_4)
FN:305,(anonymous_5)
FN:309,(anonymous_6)
FN:311,(anonymous_7)
FN:316,(anonymous_8)
FN:331,(anonymous_9)
FN:342,(anonymous_10)
FN:353,(anonymous_11)
FN:355,(anonymous_12)
FN:362,(anonymous_13)
FN:373,(anonymous_14)
FN:386,(anonymous_15)
FN:397,(anonymous_16)
FN:401,(anonymous_17)
FN:406,(anonymous_18)
FN:424,(anonymous_19)
FN:427,(anonymous_20)
FN:436,(anonymous_21)
FN:441,(anonymous_22)
FN:446,(anonymous_23)
FN:450,(anonymous_24)
FN:455,(anonymous_25)
FN:459,(anonymous_26)
FN:485,(anonymous_27)
FN:493,(anonymous_28)
FN:501,(anonymous_29)
FN:511,(anonymous_30)
FN:631,(anonymous_31)
FNF:32
FNH:28
FNDA:51,(anonymous_0)
FNDA:98,(anonymous_1)
FNDA:6,(anonymous_2)
FNDA:6,(anonymous_3)
FNDA:0,(anonymous_4)
FNDA:0,(anonymous_5)
FNDA:51,(anonymous_6)
FNDA:0,(anonymous_7)
FNDA:0,(anonymous_8)
FNDA:54,(anonymous_9)
FNDA:48,(anonymous_10)
FNDA:3,(anonymous_11)
FNDA:3,(anonymous_12)
FNDA:94,(anonymous_13)
FNDA:100,(anonymous_14)
FNDA:93,(anonymous_15)
FNDA:2,(anonymous_16)
FNDA:2,(anonymous_17)
FNDA:1,(anonymous_18)
FNDA:4,(anonymous_19)
FNDA:4,(anonymous_20)
FNDA:4,(anonymous_21)
FNDA:2,(anonymous_22)
FNDA:2,(anonymous_23)
FNDA:1,(anonymous_24)
FNDA:94,(anonymous_25)
FNDA:17,(anonymous_26)
FNDA:17,(anonymous_27)
FNDA:204,(anonymous_28)
FNDA:77,(anonymous_29)
FNDA:42,(anonymous_30)
FNDA:51,(anonymous_31)
DA:1,1
DA:2,1
DA:3,1
DA:4,1
DA:5,1
DA:6,1
DA:7,1
DA:8,1
DA:37,1
DA:46,51
DA:47,51
DA:53,51
DA:54,51
DA:55,51
DA:59,51
DA:63,51
DA:64,51
DA:65,51
DA:67,51
DA:69,51
DA:73,98
DA:74,98
DA:76,98
DA:78,98
DA:84,98
DA:85,4
DA:86,4
DA:98,94
DA:99,94
DA:108,94
DA:116,94
DA:119,94
DA:120,17
DA:121,17
DA:122,17
DA:127,77
DA:128,77
DA:129,23
DA:131,23
DA:132,23
DA:134,23
DA:152,54
DA:153,6
DA:154,6
DA:155,6
DA:160,48
DA:161,6
DA:162,6
DA:163,6
DA:168,42
DA:169,42
DA:170,37
DA:171,37
DA:180,5
DA:183,5
DA:184,0
DA:185,0
DA:186,0
DA:195,5
DA:196,5
DA:198,5
DA:204,0
DA:205,0
DA:215,6
DA:216,6
DA:224,6
DA:226,6
DA:228,6
DA:238,0
DA:239,0
DA:244,6
DA:247,6
DA:249,3
DA:250,3
DA:253,3
DA:254,3
DA:255,0
DA:257,3
DA:261,6
DA:262,6
DA:264,6
DA:279,0
DA:282,0
DA:286,0
DA:287,0
DA:288,0
DA:289,0
DA:290,0
DA:291,0
DA:299,0
DA:301,0
DA:306,0
DA:311,51
DA:312,0
DA:317,0
DA:318,0
DA:319,0
DA:320,0
DA:321,0
DA:322,0
DA:325,0
DA:332,54
DA:343,48
DA:344,48
DA:355,3
DA:356,3
DA:363,94
DA:364,94
DA:365,8
DA:367,86
DA:368,1
DA:370,85
DA:375,100
DA:376,100
DA:378,100
DA:379,700
DA:380,0
DA:383,100
DA:387,93
DA:398,2
DA:402,2
DA:407,1
DA:425,4
DA:426,4
DA:427,4
DA:429,4
DA:437,4
DA:443,2
DA:447,2
DA:451,1
DA:456,94
DA:460,17
DA:462,17
DA:463,17
DA:468,17
DA:470,17
DA:480,0
DA:481,0
DA:486,17
DA:489,17
DA:490,17
DA:492,17
DA:493,204
DA:495,17
DA:496,6
DA:500,11
DA:501,77
DA:503,11
DA:504,0
DA:507,11
DA:516,42
DA:519,42
DA:553,42
DA:554,208
DA:555,3155
DA:556,1
DA:566,41
DA:575,41
DA:576,244
DA:577,2
DA:586,39
DA:587,39
DA:589,39
DA:590,0
DA:597,39
DA:598,1
DA:606,38
DA:607,0
DA:614,38
DA:615,1
DA:623,37
DA:632,51
DA:633,51
DA:635,51
DA:636,51
LF:175
LH:142
BRDA:81,0,0,98
BRDA:81,0,1,2
BRDA:84,1,0,4
BRDA:102,2,0,94
BRDA:102,2,1,2
BRDA:110,3,0,94
BRDA:110,3,1,2
BRDA:119,4,0,17
BRDA:121,5,0,17
BRDA:128,6,0,23
BRDA:139,7,0,7
BRDA:139,7,1,16
BRDA:152,8,0,6
BRDA:154,9,0,6
BRDA:160,10,0,6
BRDA:162,11,0,6
BRDA:169,12,0,37
BRDA:183,13,0,0
BRDA:183,14,0,5
BRDA:183,14,1,4
BRDA:185,15,0,0
BRDA:200,16,0,4
BRDA:200,16,1,1
BRDA:200,17,0,0
BRDA:200,17,1,1
BRDA:218,18,0,6
BRDA:218,18,1,0
BRDA:247,19,0,3
BRDA:247,19,1,3
BRDA:254,20,0,0
BRDA:254,20,1,3
BRDA:261,21,0,6
BRDA:261,22,0,6
BRDA:261,22,1,6
BRDA:271,23,0,0
BRDA:271,23,1,6
BRDA:272,24,0,6
BRDA:272,24,1,6
BRDA:288,25,0,0
BRDA:290,26,0,0
BRDA:292,27,0,0
BRDA:292,27,1,0
BRDA:293,28,0,0
BRDA:293,28,1,0
BRDA:320,29,0,0
BRDA:333,30,0,54
BRDA:333,30,1,50
BRDA:333,30,2,50
BRDA:333,30,3,49
BRDA:333,30,4,49
BRDA:333,30,5,49
BRDA:333,30,6,1
BRDA:345,31,0,48
BRDA:345,31,1,44
BRDA:345,31,2,42
BRDA:345,31,3,42
BRDA:345,31,4,42
BRDA:357,32,0,3
BRDA:357,32,1,0
BRDA:358,33,0,3
BRDA:358,33,1,3
BRDA:364,34,0,8
BRDA:364,35,0,94
BRDA:364,35,1,86
BRDA:364,35,2,86
BRDA:367,36,0,1
BRDA:367,37,0,86
BRDA:367,37,1,85
BRDA:379,38,0,0
BRDA:418,39,0,1
BRDA:418,39,1,1
BRDA:464,40,0,10
BRDA:464,40,1,7
BRDA:464,41,0,17
BRDA:464,41,1,7
BRDA:495,42,0,6
BRDA:495,43,0,17
BRDA:495,43,1,13
BRDA:503,44,0,0
BRDA:503,45,0,11
BRDA:503,45,1,0
BRDA:507,46,0,7
BRDA:507,46,1,4
BRDA:555,47,0,1
BRDA:576,48,0,2
BRDA:586,49,0,39
BRDA:586,49,1,39
BRDA:587,50,0,39
BRDA:587,50,1,36
BRDA:589,51,0,0
BRDA:589,52,0,39
BRDA:589,52,1,0
BRDA:597,53,0,1
BRDA:606,54,0,0
BRDA:606,55,0,38
BRDA:606,55,1,1
BRDA:614,56,0,1
BRDA:614,57,0,38
BRDA:614,57,1,1
BRDA:632,58,0,51
BRF:100
BRH:80
end_of_record
TN:
SF:src/usecases/handleMessage.ts
FN:39,(anonymous_0)
FN:49,(anonymous_1)
FN:71,(anonymous_2)
FN:149,(anonymous_3)
FN:161,(anonymous_4)
FN:167,(anonymous_5)
FN:176,(anonymous_6)
FN:191,(anonymous_7)
FN:198,(anonymous_8)
FN:205,(anonymous_9)
FN:212,(anonymous_10)
FN:216,(anonymous_11)
FN:221,(anonymous_12)
FN:235,(anonymous_13)
FN:242,(anonymous_14)
FN:269,getReaction
FN:273,getReply
FNF:17
FNH:8
FNDA:90,(anonymous_0)
FNDA:190,(anonymous_1)
FNDA:1228,(anonymous_2)
FNDA:84,(anonymous_3)
FNDA:3,(anonymous_4)
FNDA:3,(anonymous_5)
FNDA:7,(anonymous_6)
FNDA:0,(anonymous_7)
FNDA:0,(anonymous_8)
FNDA:0,(anonymous_9)
FNDA:0,(anonymous_10)
FNDA:0,(anonymous_11)
FNDA:0,(anonymous_12)
FNDA:174,(anonymous_13)
FNDA:0,(anonymous_14)
FNDA:0,getReaction
FNDA:0,getReply
DA:1,3
DA:2,3
DA:3,3
DA:4,3
DA:5,3
DA:6,3
DA:7,3
DA:31,3
DA:36,90
DA:37,90
DA:40,90
DA:41,90
DA:42,90
DA:43,90
DA:50,190
DA:53,190
DA:54,5
DA:64,185
DA:65,185
DA:68,185
DA:71,1228
DA:76,185
DA:77,185
DA:80,185
DA:81,11
DA:91,174
DA:103,174
DA:108,174
DA:109,0
DA:117,174
DA:118,174
DA:127,0
DA:128,0
DA:139,0
DA:142,174
DA:143,174
DA:155,84
DA:162,3
DA:163,3
DA:164,3
DA:168,3
DA:169,3
DA:170,3
DA:177,7
DA:192,0
DA:199,0
DA:200,0
DA:206,0
DA:207,0
DA:209,0
DA:213,0
DA:216,0
DA:217,0
DA:228,0
DA:230,0
DA:231,0
DA:232,0
DA:237,174
DA:238,132
DA:239,56
DA:244,0
DA:246,0
DA:247,0
DA:257,0
DA:267,3
DA:269,3
DA:270,0
DA:273,3
DA:274,0
DA:277,3
LF:70
LH:47
BRDA:53,0,0,5
BRDA:53,1,0,190
BRDA:53,1,1,185
BRDA:70,2,0,185
BRDA:70,2,1,5
BRDA:71,3,0,185
BRDA:71,3,1,5
BRDA:77,4,0,174
BRDA:77,4,1,11
BRDA:80,5,0,11
BRDA:99,6,0,174
BRDA:99,6,1,1
BRDA:108,7,0,0
BRDA:108,7,1,174
BRDA:117,8,0,174
BRDA:117,8,1,0
BRDA:127,9,0,0
BRDA:127,9,1,0
BRDA:142,10,0,174
BRDA:142,10,1,0
BRDA:142,11,0,0
BRDA:142,11,1,174
BRDA:163,12,0,3
BRDA:163,12,1,3
BRDA:169,13,0,3
BRDA:169,13,1,3
BRDA:207,14,0,0
BRDA:230,15,0,0
BRDA:231,16,0,0
BRDA:237,17,0,42
BRDA:238,18,0,76
BRDA:246,19,0,0
BRF:32
BRH:22
end_of_record
TN:
SF:src/usecases/reactionSelector.ts
FN:42,(anonymous_0)
FN:50,(anonymous_1)
FN:138,(anonymous_2)
FN:173,(anonymous_3)
FN:207,(anonymous_4)
FN:221,(anonymous_5)
FN:233,(anonymous_6)
FN:247,(anonymous_7)
FN:263,(anonymous_8)
FN:274,(anonymous_9)
FN:275,(anonymous_10)
FN:281,(anonymous_11)
FNF:12
FNH:9
FNDA:112,(anonymous_0)
FNDA:191,(anonymous_1)
FNDA:122,(anonymous_2)
FNDA:55,(anonymous_3)
FNDA:13,(anonymous_4)
FNDA:1,(anonymous_5)
FNDA:89,(anonymous_6)
FNDA:8,(anonymous_7)
FNDA:177,(anonymous_8)
FNDA:0,(anonymous_9)
FNDA:0,(anonymous_10)
FNDA:0,(anonymous_11)
DA:23,4
DA:28,112
DA:34,112
DA:40,112
DA:43,112
DA:44,112
DA:51,191
DA:54,191
DA:62,191
DA:65,191
DA:66,0
DA:67,0
DA:70,0
DA:78,0
DA:87,0
DA:88,0
DA:91,191
DA:96,191
DA:98,122
DA:99,122
DA:101,55
DA:102,55
DA:104,1
DA:105,1
DA:107,13
DA:111,191
DA:119,191
DA:128,191
DA:129,191
DA:131,191
DA:132,191
DA:139,122
DA:142,122
DA:144,122
DA:145,31
DA:146,91
DA:147,91
DA:149,0
DA:154,122
DA:155,45
DA:156,77
DA:157,70
DA:159,7
DA:162,122
DA:174,55
DA:176,55
DA:178,55
DA:179,51
DA:180,4
DA:181,4
DA:183,0
DA:188,55
DA:189,5
DA:190,50
DA:191,0
DA:193,50
DA:196,55
DA:208,13
DA:210,13
DA:222,1
DA:239,89
DA:241,89
DA:248,8
DA:250,8
DA:264,177
DA:265,50
DA:266,70
DA:267,57
DA:275,0
DA:283,0
DA:296,0
DA:297,0
DA:299,0
LF:73
LH:59
BRDA:65,0,0,0
BRDA:65,1,0,191
BRDA:65,1,1,191
BRDA:96,2,0,122
BRDA:96,2,1,55
BRDA:96,2,2,1
BRDA:96,2,3,13
BRDA:144,3,0,31
BRDA:144,3,1,91
BRDA:144,4,0,122
BRDA:144,4,1,113
BRDA:146,5,0,91
BRDA:146,5,1,0
BRDA:154,6,0,45
BRDA:154,6,1,77
BRDA:155,7,0,45
BRDA:155,7,1,0
BRDA:156,8,0,70
BRDA:156,8,1,7
BRDA:157,9,0,70
BRDA:157,9,1,0
BRDA:159,10,0,7
BRDA:159,10,1,0
BRDA:178,11,0,51
BRDA:178,11,1,4
BRDA:178,12,0,55
BRDA:178,12,1,4
BRDA:180,13,0,4
BRDA:180,13,1,0
BRDA:188,14,0,5
BRDA:188,14,1,50
BRDA:189,15,0,5
BRDA:189,15,1,0
BRDA:190,16,0,0
BRDA:190,16,1,50
BRDA:191,17,0,0
BRDA:191,17,1,0
BRDA:193,18,0,50
BRDA:193,18,1,0
BRDA:264,19,0,50
BRDA:264,19,1,70
BRDA:264,19,2,57
BRDA:296,20,0,0
BRDA:296,20,1,0
BRF:44
BRH:31
end_of_record
